0 info it worked if it ends with ok
1 verbose cli [ '/usr/bin/node', '/usr/bin/npm', 'install' ]
2 info using npm@1.4.28
3 info using node@v0.10.36
4 verbose node symlink /usr/bin/node
5 warn package.json 4ball@0.0.1 No description
6 warn package.json 4ball@0.0.1 No repository field.
7 warn package.json 4ball@0.0.1 No README data
8 verbose readDependencies using package.json deps
9 verbose install where, deps [ '/home/sdt/thesis/server',
9 verbose install   [ 'body-parser',
9 verbose install     'browserify',
9 verbose install     'cors',
9 verbose install     'express',
9 verbose install     'gulp',
9 verbose install     'mongoose',
9 verbose install     'nodemon',
9 verbose install     'react',
9 verbose install     'react-bootstrap',
9 verbose install     'react-router',
9 verbose install     'twilio',
9 verbose install     'vinyl-source-stream' ] ]
10 info preinstall 4ball@0.0.1
11 verbose readDependencies using package.json deps
12 verbose cache add [ 'body-parser@^1.12.0', null ]
13 verbose cache add name=undefined spec="body-parser@^1.12.0" args=["body-parser@^1.12.0",null]
14 verbose parsed url { protocol: null,
14 verbose parsed url   slashes: null,
14 verbose parsed url   auth: null,
14 verbose parsed url   host: null,
14 verbose parsed url   port: null,
14 verbose parsed url   hostname: null,
14 verbose parsed url   hash: null,
14 verbose parsed url   search: null,
14 verbose parsed url   query: null,
14 verbose parsed url   pathname: 'body-parser@^1.12.0',
14 verbose parsed url   path: 'body-parser@^1.12.0',
14 verbose parsed url   href: 'body-parser@^1.12.0' }
15 verbose cache add [ 'browserify@^9.0.3', null ]
16 verbose cache add name=undefined spec="browserify@^9.0.3" args=["browserify@^9.0.3",null]
17 verbose parsed url { protocol: null,
17 verbose parsed url   slashes: null,
17 verbose parsed url   auth: null,
17 verbose parsed url   host: null,
17 verbose parsed url   port: null,
17 verbose parsed url   hostname: null,
17 verbose parsed url   hash: null,
17 verbose parsed url   search: null,
17 verbose parsed url   query: null,
17 verbose parsed url   pathname: 'browserify@^9.0.3',
17 verbose parsed url   path: 'browserify@^9.0.3',
17 verbose parsed url   href: 'browserify@^9.0.3' }
18 verbose cache add [ 'cors@^2.5.3', null ]
19 verbose cache add name=undefined spec="cors@^2.5.3" args=["cors@^2.5.3",null]
20 verbose parsed url { protocol: null,
20 verbose parsed url   slashes: null,
20 verbose parsed url   auth: null,
20 verbose parsed url   host: null,
20 verbose parsed url   port: null,
20 verbose parsed url   hostname: null,
20 verbose parsed url   hash: null,
20 verbose parsed url   search: null,
20 verbose parsed url   query: null,
20 verbose parsed url   pathname: 'cors@^2.5.3',
20 verbose parsed url   path: 'cors@^2.5.3',
20 verbose parsed url   href: 'cors@^2.5.3' }
21 verbose cache add [ 'express@^4.11.2', null ]
22 verbose cache add name=undefined spec="express@^4.11.2" args=["express@^4.11.2",null]
23 verbose parsed url { protocol: null,
23 verbose parsed url   slashes: null,
23 verbose parsed url   auth: null,
23 verbose parsed url   host: null,
23 verbose parsed url   port: null,
23 verbose parsed url   hostname: null,
23 verbose parsed url   hash: null,
23 verbose parsed url   search: null,
23 verbose parsed url   query: null,
23 verbose parsed url   pathname: 'express@^4.11.2',
23 verbose parsed url   path: 'express@^4.11.2',
23 verbose parsed url   href: 'express@^4.11.2' }
24 verbose cache add [ 'gulp@^3.8.11', null ]
25 verbose cache add name=undefined spec="gulp@^3.8.11" args=["gulp@^3.8.11",null]
26 verbose parsed url { protocol: null,
26 verbose parsed url   slashes: null,
26 verbose parsed url   auth: null,
26 verbose parsed url   host: null,
26 verbose parsed url   port: null,
26 verbose parsed url   hostname: null,
26 verbose parsed url   hash: null,
26 verbose parsed url   search: null,
26 verbose parsed url   query: null,
26 verbose parsed url   pathname: 'gulp@^3.8.11',
26 verbose parsed url   path: 'gulp@^3.8.11',
26 verbose parsed url   href: 'gulp@^3.8.11' }
27 verbose cache add [ 'mongoose@^3.8.23', null ]
28 verbose cache add name=undefined spec="mongoose@^3.8.23" args=["mongoose@^3.8.23",null]
29 verbose parsed url { protocol: null,
29 verbose parsed url   slashes: null,
29 verbose parsed url   auth: null,
29 verbose parsed url   host: null,
29 verbose parsed url   port: null,
29 verbose parsed url   hostname: null,
29 verbose parsed url   hash: null,
29 verbose parsed url   search: null,
29 verbose parsed url   query: null,
29 verbose parsed url   pathname: 'mongoose@^3.8.23',
29 verbose parsed url   path: 'mongoose@^3.8.23',
29 verbose parsed url   href: 'mongoose@^3.8.23' }
30 verbose cache add [ 'nodemon@^1.3.7', null ]
31 verbose cache add name=undefined spec="nodemon@^1.3.7" args=["nodemon@^1.3.7",null]
32 verbose parsed url { protocol: null,
32 verbose parsed url   slashes: null,
32 verbose parsed url   auth: null,
32 verbose parsed url   host: null,
32 verbose parsed url   port: null,
32 verbose parsed url   hostname: null,
32 verbose parsed url   hash: null,
32 verbose parsed url   search: null,
32 verbose parsed url   query: null,
32 verbose parsed url   pathname: 'nodemon@^1.3.7',
32 verbose parsed url   path: 'nodemon@^1.3.7',
32 verbose parsed url   href: 'nodemon@^1.3.7' }
33 verbose cache add name="body-parser" spec="^1.12.0" args=["body-parser","^1.12.0"]
34 verbose parsed url { protocol: null,
34 verbose parsed url   slashes: null,
34 verbose parsed url   auth: null,
34 verbose parsed url   host: null,
34 verbose parsed url   port: null,
34 verbose parsed url   hostname: null,
34 verbose parsed url   hash: null,
34 verbose parsed url   search: null,
34 verbose parsed url   query: null,
34 verbose parsed url   pathname: '^1.12.0',
34 verbose parsed url   path: '^1.12.0',
34 verbose parsed url   href: '^1.12.0' }
35 verbose addNamed [ 'body-parser', '^1.12.0' ]
36 verbose addNamed [ null, '>=1.12.0-0 <2.0.0-0' ]
37 verbose cache add name="browserify" spec="^9.0.3" args=["browserify","^9.0.3"]
38 verbose parsed url { protocol: null,
38 verbose parsed url   slashes: null,
38 verbose parsed url   auth: null,
38 verbose parsed url   host: null,
38 verbose parsed url   port: null,
38 verbose parsed url   hostname: null,
38 verbose parsed url   hash: null,
38 verbose parsed url   search: null,
38 verbose parsed url   query: null,
38 verbose parsed url   pathname: '^9.0.3',
38 verbose parsed url   path: '^9.0.3',
38 verbose parsed url   href: '^9.0.3' }
39 verbose addNamed [ 'browserify', '^9.0.3' ]
40 verbose addNamed [ null, '>=9.0.3-0 <10.0.0-0' ]
41 verbose cache add name="cors" spec="^2.5.3" args=["cors","^2.5.3"]
42 verbose parsed url { protocol: null,
42 verbose parsed url   slashes: null,
42 verbose parsed url   auth: null,
42 verbose parsed url   host: null,
42 verbose parsed url   port: null,
42 verbose parsed url   hostname: null,
42 verbose parsed url   hash: null,
42 verbose parsed url   search: null,
42 verbose parsed url   query: null,
42 verbose parsed url   pathname: '^2.5.3',
42 verbose parsed url   path: '^2.5.3',
42 verbose parsed url   href: '^2.5.3' }
43 verbose addNamed [ 'cors', '^2.5.3' ]
44 verbose addNamed [ null, '>=2.5.3-0 <3.0.0-0' ]
45 verbose cache add name="express" spec="^4.11.2" args=["express","^4.11.2"]
46 verbose parsed url { protocol: null,
46 verbose parsed url   slashes: null,
46 verbose parsed url   auth: null,
46 verbose parsed url   host: null,
46 verbose parsed url   port: null,
46 verbose parsed url   hostname: null,
46 verbose parsed url   hash: null,
46 verbose parsed url   search: null,
46 verbose parsed url   query: null,
46 verbose parsed url   pathname: '^4.11.2',
46 verbose parsed url   path: '^4.11.2',
46 verbose parsed url   href: '^4.11.2' }
47 verbose addNamed [ 'express', '^4.11.2' ]
48 verbose addNamed [ null, '>=4.11.2-0 <5.0.0-0' ]
49 verbose cache add name="gulp" spec="^3.8.11" args=["gulp","^3.8.11"]
50 verbose parsed url { protocol: null,
50 verbose parsed url   slashes: null,
50 verbose parsed url   auth: null,
50 verbose parsed url   host: null,
50 verbose parsed url   port: null,
50 verbose parsed url   hostname: null,
50 verbose parsed url   hash: null,
50 verbose parsed url   search: null,
50 verbose parsed url   query: null,
50 verbose parsed url   pathname: '^3.8.11',
50 verbose parsed url   path: '^3.8.11',
50 verbose parsed url   href: '^3.8.11' }
51 verbose addNamed [ 'gulp', '^3.8.11' ]
52 verbose addNamed [ null, '>=3.8.11-0 <4.0.0-0' ]
53 verbose cache add name="mongoose" spec="^3.8.23" args=["mongoose","^3.8.23"]
54 verbose parsed url { protocol: null,
54 verbose parsed url   slashes: null,
54 verbose parsed url   auth: null,
54 verbose parsed url   host: null,
54 verbose parsed url   port: null,
54 verbose parsed url   hostname: null,
54 verbose parsed url   hash: null,
54 verbose parsed url   search: null,
54 verbose parsed url   query: null,
54 verbose parsed url   pathname: '^3.8.23',
54 verbose parsed url   path: '^3.8.23',
54 verbose parsed url   href: '^3.8.23' }
55 verbose addNamed [ 'mongoose', '^3.8.23' ]
56 verbose addNamed [ null, '>=3.8.23-0 <4.0.0-0' ]
57 verbose cache add [ 'react@^0.12.2', null ]
58 verbose cache add name=undefined spec="react@^0.12.2" args=["react@^0.12.2",null]
59 verbose parsed url { protocol: null,
59 verbose parsed url   slashes: null,
59 verbose parsed url   auth: null,
59 verbose parsed url   host: null,
59 verbose parsed url   port: null,
59 verbose parsed url   hostname: null,
59 verbose parsed url   hash: null,
59 verbose parsed url   search: null,
59 verbose parsed url   query: null,
59 verbose parsed url   pathname: 'react@^0.12.2',
59 verbose parsed url   path: 'react@^0.12.2',
59 verbose parsed url   href: 'react@^0.12.2' }
60 verbose cache add [ 'react-bootstrap@^0.15.1', null ]
61 verbose cache add name=undefined spec="react-bootstrap@^0.15.1" args=["react-bootstrap@^0.15.1",null]
62 verbose parsed url { protocol: null,
62 verbose parsed url   slashes: null,
62 verbose parsed url   auth: null,
62 verbose parsed url   host: null,
62 verbose parsed url   port: null,
62 verbose parsed url   hostname: null,
62 verbose parsed url   hash: null,
62 verbose parsed url   search: null,
62 verbose parsed url   query: null,
62 verbose parsed url   pathname: 'react-bootstrap@^0.15.1',
62 verbose parsed url   path: 'react-bootstrap@^0.15.1',
62 verbose parsed url   href: 'react-bootstrap@^0.15.1' }
63 verbose cache add [ 'react-router@^0.12.4', null ]
64 verbose cache add name=undefined spec="react-router@^0.12.4" args=["react-router@^0.12.4",null]
65 verbose parsed url { protocol: null,
65 verbose parsed url   slashes: null,
65 verbose parsed url   auth: null,
65 verbose parsed url   host: null,
65 verbose parsed url   port: null,
65 verbose parsed url   hostname: null,
65 verbose parsed url   hash: null,
65 verbose parsed url   search: null,
65 verbose parsed url   query: null,
65 verbose parsed url   pathname: 'react-router@^0.12.4',
65 verbose parsed url   path: 'react-router@^0.12.4',
65 verbose parsed url   href: 'react-router@^0.12.4' }
66 verbose cache add [ 'twilio@^1.10.0', null ]
67 verbose cache add name=undefined spec="twilio@^1.10.0" args=["twilio@^1.10.0",null]
68 verbose parsed url { protocol: null,
68 verbose parsed url   slashes: null,
68 verbose parsed url   auth: null,
68 verbose parsed url   host: null,
68 verbose parsed url   port: null,
68 verbose parsed url   hostname: null,
68 verbose parsed url   hash: null,
68 verbose parsed url   search: null,
68 verbose parsed url   query: null,
68 verbose parsed url   pathname: 'twilio@^1.10.0',
68 verbose parsed url   path: 'twilio@^1.10.0',
68 verbose parsed url   href: 'twilio@^1.10.0' }
69 verbose cache add [ 'vinyl-source-stream@^1.0.0', null ]
70 verbose cache add name=undefined spec="vinyl-source-stream@^1.0.0" args=["vinyl-source-stream@^1.0.0",null]
71 verbose parsed url { protocol: null,
71 verbose parsed url   slashes: null,
71 verbose parsed url   auth: null,
71 verbose parsed url   host: null,
71 verbose parsed url   port: null,
71 verbose parsed url   hostname: null,
71 verbose parsed url   hash: null,
71 verbose parsed url   search: null,
71 verbose parsed url   query: null,
71 verbose parsed url   pathname: 'vinyl-source-stream@^1.0.0',
71 verbose parsed url   path: 'vinyl-source-stream@^1.0.0',
71 verbose parsed url   href: 'vinyl-source-stream@^1.0.0' }
72 verbose cache add name="nodemon" spec="^1.3.7" args=["nodemon","^1.3.7"]
73 verbose parsed url { protocol: null,
73 verbose parsed url   slashes: null,
73 verbose parsed url   auth: null,
73 verbose parsed url   host: null,
73 verbose parsed url   port: null,
73 verbose parsed url   hostname: null,
73 verbose parsed url   hash: null,
73 verbose parsed url   search: null,
73 verbose parsed url   query: null,
73 verbose parsed url   pathname: '^1.3.7',
73 verbose parsed url   path: '^1.3.7',
73 verbose parsed url   href: '^1.3.7' }
74 verbose addNamed [ 'nodemon', '^1.3.7' ]
75 verbose addNamed [ null, '>=1.3.7-0 <2.0.0-0' ]
76 silly lockFile 56e67e75-body-parser-1-12-0 body-parser@^1.12.0
77 verbose lock body-parser@^1.12.0 /home/sdt/.npm/56e67e75-body-parser-1-12-0.lock
78 silly lockFile a7981170-browserify-9-0-3 browserify@^9.0.3
79 verbose lock browserify@^9.0.3 /home/sdt/.npm/a7981170-browserify-9-0-3.lock
80 silly lockFile e8ad9e52-cors-2-5-3 cors@^2.5.3
81 verbose lock cors@^2.5.3 /home/sdt/.npm/e8ad9e52-cors-2-5-3.lock
82 silly lockFile dbea87e7-express-4-11-2 express@^4.11.2
83 verbose lock express@^4.11.2 /home/sdt/.npm/dbea87e7-express-4-11-2.lock
84 silly lockFile 3156ea88-gulp-3-8-11 gulp@^3.8.11
85 verbose lock gulp@^3.8.11 /home/sdt/.npm/3156ea88-gulp-3-8-11.lock
86 silly lockFile 74467816-mongoose-3-8-23 mongoose@^3.8.23
87 verbose lock mongoose@^3.8.23 /home/sdt/.npm/74467816-mongoose-3-8-23.lock
88 silly lockFile 489cc511-nodemon-1-3-7 nodemon@^1.3.7
89 verbose lock nodemon@^1.3.7 /home/sdt/.npm/489cc511-nodemon-1-3-7.lock
90 verbose cache add name="react" spec="^0.12.2" args=["react","^0.12.2"]
91 verbose parsed url { protocol: null,
91 verbose parsed url   slashes: null,
91 verbose parsed url   auth: null,
91 verbose parsed url   host: null,
91 verbose parsed url   port: null,
91 verbose parsed url   hostname: null,
91 verbose parsed url   hash: null,
91 verbose parsed url   search: null,
91 verbose parsed url   query: null,
91 verbose parsed url   pathname: '^0.12.2',
91 verbose parsed url   path: '^0.12.2',
91 verbose parsed url   href: '^0.12.2' }
92 verbose addNamed [ 'react', '^0.12.2' ]
93 verbose addNamed [ null, '>=0.12.2-0 <0.13.0-0' ]
94 silly lockFile 0d8336aa-react-0-12-2 react@^0.12.2
95 verbose lock react@^0.12.2 /home/sdt/.npm/0d8336aa-react-0-12-2.lock
96 verbose cache add name="react-bootstrap" spec="^0.15.1" args=["react-bootstrap","^0.15.1"]
97 verbose parsed url { protocol: null,
97 verbose parsed url   slashes: null,
97 verbose parsed url   auth: null,
97 verbose parsed url   host: null,
97 verbose parsed url   port: null,
97 verbose parsed url   hostname: null,
97 verbose parsed url   hash: null,
97 verbose parsed url   search: null,
97 verbose parsed url   query: null,
97 verbose parsed url   pathname: '^0.15.1',
97 verbose parsed url   path: '^0.15.1',
97 verbose parsed url   href: '^0.15.1' }
98 verbose addNamed [ 'react-bootstrap', '^0.15.1' ]
99 verbose addNamed [ null, '>=0.15.1-0 <0.16.0-0' ]
100 silly lockFile 0d3ad0f5-react-bootstrap-0-15-1 react-bootstrap@^0.15.1
101 verbose lock react-bootstrap@^0.15.1 /home/sdt/.npm/0d3ad0f5-react-bootstrap-0-15-1.lock
102 verbose cache add name="react-router" spec="^0.12.4" args=["react-router","^0.12.4"]
103 verbose parsed url { protocol: null,
103 verbose parsed url   slashes: null,
103 verbose parsed url   auth: null,
103 verbose parsed url   host: null,
103 verbose parsed url   port: null,
103 verbose parsed url   hostname: null,
103 verbose parsed url   hash: null,
103 verbose parsed url   search: null,
103 verbose parsed url   query: null,
103 verbose parsed url   pathname: '^0.12.4',
103 verbose parsed url   path: '^0.12.4',
103 verbose parsed url   href: '^0.12.4' }
104 verbose addNamed [ 'react-router', '^0.12.4' ]
105 verbose addNamed [ null, '>=0.12.4-0 <0.13.0-0' ]
106 silly lockFile 6582279c-react-router-0-12-4 react-router@^0.12.4
107 verbose lock react-router@^0.12.4 /home/sdt/.npm/6582279c-react-router-0-12-4.lock
108 verbose cache add name="twilio" spec="^1.10.0" args=["twilio","^1.10.0"]
109 verbose parsed url { protocol: null,
109 verbose parsed url   slashes: null,
109 verbose parsed url   auth: null,
109 verbose parsed url   host: null,
109 verbose parsed url   port: null,
109 verbose parsed url   hostname: null,
109 verbose parsed url   hash: null,
109 verbose parsed url   search: null,
109 verbose parsed url   query: null,
109 verbose parsed url   pathname: '^1.10.0',
109 verbose parsed url   path: '^1.10.0',
109 verbose parsed url   href: '^1.10.0' }
110 verbose addNamed [ 'twilio', '^1.10.0' ]
111 verbose addNamed [ null, '>=1.10.0-0 <2.0.0-0' ]
112 silly lockFile 9d47449e-twilio-1-10-0 twilio@^1.10.0
113 verbose lock twilio@^1.10.0 /home/sdt/.npm/9d47449e-twilio-1-10-0.lock
114 verbose cache add name="vinyl-source-stream" spec="^1.0.0" args=["vinyl-source-stream","^1.0.0"]
115 verbose parsed url { protocol: null,
115 verbose parsed url   slashes: null,
115 verbose parsed url   auth: null,
115 verbose parsed url   host: null,
115 verbose parsed url   port: null,
115 verbose parsed url   hostname: null,
115 verbose parsed url   hash: null,
115 verbose parsed url   search: null,
115 verbose parsed url   query: null,
115 verbose parsed url   pathname: '^1.0.0',
115 verbose parsed url   path: '^1.0.0',
115 verbose parsed url   href: '^1.0.0' }
116 verbose addNamed [ 'vinyl-source-stream', '^1.0.0' ]
117 verbose addNamed [ null, '>=1.0.0-0 <2.0.0-0' ]
118 silly lockFile c72c2afe-vinyl-source-stream-1-0-0 vinyl-source-stream@^1.0.0
119 verbose lock vinyl-source-stream@^1.0.0 /home/sdt/.npm/c72c2afe-vinyl-source-stream-1-0-0.lock
120 silly addNameRange { name: 'body-parser',
120 silly addNameRange   range: '>=1.12.0-0 <2.0.0-0',
120 silly addNameRange   hasData: false }
121 silly addNameRange { name: 'browserify',
121 silly addNameRange   range: '>=9.0.3-0 <10.0.0-0',
121 silly addNameRange   hasData: false }
122 silly addNameRange { name: 'mongoose',
122 silly addNameRange   range: '>=3.8.23-0 <4.0.0-0',
122 silly addNameRange   hasData: false }
123 silly addNameRange { name: 'nodemon', range: '>=1.3.7-0 <2.0.0-0', hasData: false }
124 silly addNameRange { name: 'react', range: '>=0.12.2-0 <0.13.0-0', hasData: false }
125 silly addNameRange { name: 'react-bootstrap',
125 silly addNameRange   range: '>=0.15.1-0 <0.16.0-0',
125 silly addNameRange   hasData: false }
126 silly addNameRange { name: 'cors', range: '>=2.5.3-0 <3.0.0-0', hasData: false }
127 silly addNameRange { name: 'express', range: '>=4.11.2-0 <5.0.0-0', hasData: false }
128 silly addNameRange { name: 'gulp', range: '>=3.8.11-0 <4.0.0-0', hasData: false }
129 silly addNameRange { name: 'react-router',
129 silly addNameRange   range: '>=0.12.4-0 <0.13.0-0',
129 silly addNameRange   hasData: false }
130 silly addNameRange { name: 'twilio', range: '>=1.10.0-0 <2.0.0-0', hasData: false }
131 verbose request where is /react-bootstrap
132 verbose request registry https://registry.npmjs.org/
133 verbose request id 915b8e7894e42f12
134 verbose url raw /react-bootstrap
135 verbose url resolving [ 'https://registry.npmjs.org/', './react-bootstrap' ]
136 verbose url resolved https://registry.npmjs.org/react-bootstrap
137 verbose request where is https://registry.npmjs.org/react-bootstrap
138 info trying registry request attempt 1 at 13:51:30
139 http GET https://registry.npmjs.org/react-bootstrap
140 silly addNameRange { name: 'vinyl-source-stream',
140 silly addNameRange   range: '>=1.0.0-0 <2.0.0-0',
140 silly addNameRange   hasData: false }
141 verbose request where is /react-router
142 verbose request registry https://registry.npmjs.org/
143 verbose url raw /react-router
144 verbose url resolving [ 'https://registry.npmjs.org/', './react-router' ]
145 verbose url resolved https://registry.npmjs.org/react-router
146 verbose request where is https://registry.npmjs.org/react-router
147 info trying registry request attempt 1 at 13:51:30
148 http GET https://registry.npmjs.org/react-router
149 verbose request where is /vinyl-source-stream
150 verbose request registry https://registry.npmjs.org/
151 verbose url raw /vinyl-source-stream
152 verbose url resolving [ 'https://registry.npmjs.org/', './vinyl-source-stream' ]
153 verbose url resolved https://registry.npmjs.org/vinyl-source-stream
154 verbose request where is https://registry.npmjs.org/vinyl-source-stream
155 info trying registry request attempt 1 at 13:51:30
156 http GET https://registry.npmjs.org/vinyl-source-stream
157 verbose request where is /body-parser
158 verbose request registry https://registry.npmjs.org/
159 verbose url raw /body-parser
160 verbose url resolving [ 'https://registry.npmjs.org/', './body-parser' ]
161 verbose url resolved https://registry.npmjs.org/body-parser
162 verbose request where is https://registry.npmjs.org/body-parser
163 info trying registry request attempt 1 at 13:51:30
164 verbose etag "4U91Q41SKBMFLBLVZNJ3AS7F8"
165 http GET https://registry.npmjs.org/body-parser
166 verbose request where is /mongoose
167 verbose request registry https://registry.npmjs.org/
168 verbose url raw /mongoose
169 verbose url resolving [ 'https://registry.npmjs.org/', './mongoose' ]
170 verbose url resolved https://registry.npmjs.org/mongoose
171 verbose request where is https://registry.npmjs.org/mongoose
172 info trying registry request attempt 1 at 13:51:30
173 verbose etag "2QLYS7NG97NR4BZNTEC8C656C"
174 http GET https://registry.npmjs.org/mongoose
175 verbose request where is /nodemon
176 verbose request registry https://registry.npmjs.org/
177 verbose url raw /nodemon
178 verbose url resolving [ 'https://registry.npmjs.org/', './nodemon' ]
179 verbose url resolved https://registry.npmjs.org/nodemon
180 verbose request where is https://registry.npmjs.org/nodemon
181 info trying registry request attempt 1 at 13:51:30
182 verbose etag "D3U66LP787NGA7RXE8XKT945V"
183 http GET https://registry.npmjs.org/nodemon
184 verbose request where is /browserify
185 verbose request registry https://registry.npmjs.org/
186 verbose url raw /browserify
187 verbose url resolving [ 'https://registry.npmjs.org/', './browserify' ]
188 verbose url resolved https://registry.npmjs.org/browserify
189 verbose request where is https://registry.npmjs.org/browserify
190 info trying registry request attempt 1 at 13:51:30
191 verbose etag "DEIIU8F7P8JBDKC5Z5LKB3RV1"
192 http GET https://registry.npmjs.org/browserify
193 verbose request where is /react
194 verbose request registry https://registry.npmjs.org/
195 verbose url raw /react
196 verbose url resolving [ 'https://registry.npmjs.org/', './react' ]
197 verbose url resolved https://registry.npmjs.org/react
198 verbose request where is https://registry.npmjs.org/react
199 info trying registry request attempt 1 at 13:51:30
200 verbose etag "9PKR9OV6CHJPWCDF39QULAG94"
201 http GET https://registry.npmjs.org/react
202 verbose request where is /cors
203 verbose request registry https://registry.npmjs.org/
204 verbose url raw /cors
205 verbose url resolving [ 'https://registry.npmjs.org/', './cors' ]
206 verbose url resolved https://registry.npmjs.org/cors
207 verbose request where is https://registry.npmjs.org/cors
208 info trying registry request attempt 1 at 13:51:30
209 verbose etag "BVFDBXKK4T2O3YWRWK0XS7OHK"
210 http GET https://registry.npmjs.org/cors
211 verbose request where is /express
212 verbose request registry https://registry.npmjs.org/
213 verbose url raw /express
214 verbose url resolving [ 'https://registry.npmjs.org/', './express' ]
215 verbose url resolved https://registry.npmjs.org/express
216 verbose request where is https://registry.npmjs.org/express
217 info trying registry request attempt 1 at 13:51:30
218 verbose etag "4XKQX7LIGUKQDA1N0QLTOZMJK"
219 http GET https://registry.npmjs.org/express
220 verbose request where is /twilio
221 verbose request registry https://registry.npmjs.org/
222 verbose url raw /twilio
223 verbose url resolving [ 'https://registry.npmjs.org/', './twilio' ]
224 verbose url resolved https://registry.npmjs.org/twilio
225 verbose request where is https://registry.npmjs.org/twilio
226 info trying registry request attempt 1 at 13:51:30
227 verbose etag "CCKE1ZYON4PXEUMM3UKQ2CQ22"
228 http GET https://registry.npmjs.org/twilio
229 verbose request where is /gulp
230 verbose request registry https://registry.npmjs.org/
231 verbose url raw /gulp
232 verbose url resolving [ 'https://registry.npmjs.org/', './gulp' ]
233 verbose url resolved https://registry.npmjs.org/gulp
234 verbose request where is https://registry.npmjs.org/gulp
235 info trying registry request attempt 1 at 13:51:30
236 verbose etag "9MDNGGC9E67LH57448I145CSR"
237 http GET https://registry.npmjs.org/gulp
238 http 200 https://registry.npmjs.org/vinyl-source-stream
239 silly registry.get cb [ 200,
239 silly registry.get   { date: 'Sat, 28 Feb 2015 21:51:30 GMT',
239 silly registry.get     server: 'CouchDB/1.5.0 (Erlang OTP/R16B03)',
239 silly registry.get     etag: '"8LDMGHD8CX7367K8MD6CSYKHB"',
239 silly registry.get     'content-type': 'application/json',
239 silly registry.get     'cache-control': 'max-age=60',
239 silly registry.get     'content-length': '9273',
239 silly registry.get     'accept-ranges': 'bytes',
239 silly registry.get     via: '1.1 varnish',
239 silly registry.get     age: '33',
239 silly registry.get     'x-served-by': 'cache-sjc3120-SJC',
239 silly registry.get     'x-cache': 'HIT',
239 silly registry.get     'x-cache-hits': '1',
239 silly registry.get     'x-timer': 'S1425160290.450313,VS0,VE0',
239 silly registry.get     vary: 'Accept',
239 silly registry.get     'keep-alive': 'timeout=10, max=50',
239 silly registry.get     connection: 'Keep-Alive' } ]
240 silly addNameRange number 2 { name: 'vinyl-source-stream',
240 silly addNameRange   range: '>=1.0.0-0 <2.0.0-0',
240 silly addNameRange   hasData: true }
241 silly addNameRange versions [ 'vinyl-source-stream',
241 silly addNameRange   [ '0.0.0', '0.1.0', '0.1.1', '1.0.0' ] ]
242 verbose addNamed [ 'vinyl-source-stream', '1.0.0' ]
243 verbose addNamed [ '1.0.0', '1.0.0' ]
244 silly lockFile b760c02b-vinyl-source-stream-1-0-0 vinyl-source-stream@1.0.0
245 verbose lock vinyl-source-stream@1.0.0 /home/sdt/.npm/b760c02b-vinyl-source-stream-1-0-0.lock
246 silly lockFile 9fa7316b-am-vinyl-source-stream-1-0-0-tgz https://registry.npmjs.org/vinyl-source-stream/-/vinyl-source-stream-1.0.0.tgz
247 verbose lock https://registry.npmjs.org/vinyl-source-stream/-/vinyl-source-stream-1.0.0.tgz /home/sdt/.npm/9fa7316b-am-vinyl-source-stream-1-0-0-tgz.lock
248 verbose addRemoteTarball [ 'https://registry.npmjs.org/vinyl-source-stream/-/vinyl-source-stream-1.0.0.tgz',
248 verbose addRemoteTarball   '78e2030826f5b55cf96b102741f0abf1c411b9bb' ]
249 info retry fetch attempt 1 at 13:51:30
250 verbose fetch to= /tmp/npm-7495-l-0OMChL/registry.npmjs.org/vinyl-source-stream/-/vinyl-source-stream-1.0.0.tgz
251 http GET https://registry.npmjs.org/vinyl-source-stream/-/vinyl-source-stream-1.0.0.tgz
252 http 304 https://registry.npmjs.org/body-parser
253 silly registry.get cb [ 304,
253 silly registry.get   { date: 'Sat, 28 Feb 2015 21:51:30 GMT',
253 silly registry.get     server: 'Apache',
253 silly registry.get     via: '1.1 varnish',
253 silly registry.get     'last-modified': 'Sat, 28 Feb 2015 21:51:30 GMT',
253 silly registry.get     'cache-control': 'max-age=60',
253 silly registry.get     etag: '"4U91Q41SKBMFLBLVZNJ3AS7F8"',
253 silly registry.get     age: '30',
253 silly registry.get     'x-served-by': 'cache-lax1429-LAX',
253 silly registry.get     'x-cache': 'HIT',
253 silly registry.get     'x-cache-hits': '1',
253 silly registry.get     'x-timer': 'S1425160290.479602,VS0,VE0',
253 silly registry.get     vary: 'Accept',
253 silly registry.get     'content-length': '0',
253 silly registry.get     'keep-alive': 'timeout=10, max=50',
253 silly registry.get     connection: 'Keep-Alive' } ]
254 verbose etag https://registry.npmjs.org/body-parser from cache
255 silly addNameRange number 2 { name: 'body-parser',
255 silly addNameRange   range: '>=1.12.0-0 <2.0.0-0',
255 silly addNameRange   hasData: true }
256 silly addNameRange versions [ 'body-parser',
256 silly addNameRange   [ '1.0.0',
256 silly addNameRange     '1.0.1',
256 silly addNameRange     '1.0.2',
256 silly addNameRange     '1.1.0',
256 silly addNameRange     '1.1.1',
256 silly addNameRange     '1.1.2',
256 silly addNameRange     '1.2.0',
256 silly addNameRange     '1.2.1',
256 silly addNameRange     '1.2.2',
256 silly addNameRange     '1.3.0',
256 silly addNameRange     '1.3.1',
256 silly addNameRange     '1.4.0',
256 silly addNameRange     '1.4.1',
256 silly addNameRange     '1.4.2',
256 silly addNameRange     '1.4.3',
256 silly addNameRange     '1.5.0',
256 silly addNameRange     '1.5.1',
256 silly addNameRange     '1.5.2',
256 silly addNameRange     '1.6.0',
256 silly addNameRange     '1.6.1',
256 silly addNameRange     '1.6.2',
256 silly addNameRange     '1.6.3',
256 silly addNameRange     '1.6.4',
256 silly addNameRange     '1.6.5',
256 silly addNameRange     '1.6.6',
256 silly addNameRange     '1.6.7',
256 silly addNameRange     '1.7.0',
256 silly addNameRange     '1.8.0',
256 silly addNameRange     '1.8.1',
256 silly addNameRange     '1.8.2',
256 silly addNameRange     '1.8.3',
256 silly addNameRange     '1.8.4',
256 silly addNameRange     '1.9.0',
256 silly addNameRange     '1.9.1',
256 silly addNameRange     '1.9.2',
256 silly addNameRange     '1.9.3',
256 silly addNameRange     '1.10.0',
256 silly addNameRange     '1.10.1',
256 silly addNameRange     '1.10.2',
256 silly addNameRange     '1.11.0',
256 silly addNameRange     '1.12.0' ] ]
257 verbose addNamed [ 'body-parser', '1.12.0' ]
258 verbose addNamed [ '1.12.0', '1.12.0' ]
259 silly lockFile 6c41bb2b-body-parser-1-12-0 body-parser@1.12.0
260 verbose lock body-parser@1.12.0 /home/sdt/.npm/6c41bb2b-body-parser-1-12-0.lock
261 silly lockFile 6c41bb2b-body-parser-1-12-0 body-parser@1.12.0
262 silly lockFile 6c41bb2b-body-parser-1-12-0 body-parser@1.12.0
263 silly lockFile 56e67e75-body-parser-1-12-0 body-parser@^1.12.0
264 silly lockFile 56e67e75-body-parser-1-12-0 body-parser@^1.12.0
265 http 200 https://registry.npmjs.org/vinyl-source-stream/-/vinyl-source-stream-1.0.0.tgz
266 silly lockFile 9fa7316b-am-vinyl-source-stream-1-0-0-tgz https://registry.npmjs.org/vinyl-source-stream/-/vinyl-source-stream-1.0.0.tgz
267 silly lockFile 9fa7316b-am-vinyl-source-stream-1-0-0-tgz https://registry.npmjs.org/vinyl-source-stream/-/vinyl-source-stream-1.0.0.tgz
268 silly lockFile b760c02b-vinyl-source-stream-1-0-0 vinyl-source-stream@1.0.0
269 silly lockFile b760c02b-vinyl-source-stream-1-0-0 vinyl-source-stream@1.0.0
270 silly lockFile c72c2afe-vinyl-source-stream-1-0-0 vinyl-source-stream@^1.0.0
271 silly lockFile c72c2afe-vinyl-source-stream-1-0-0 vinyl-source-stream@^1.0.0
272 http 200 https://registry.npmjs.org/nodemon
273 silly registry.get cb [ 200,
273 silly registry.get   { date: 'Sat, 28 Feb 2015 21:51:30 GMT',
273 silly registry.get     server: 'CouchDB/1.5.0 (Erlang OTP/R16B03)',
273 silly registry.get     etag: '"5EBBTXDJZ7L2OPKW20HUNLNHN"',
273 silly registry.get     'content-type': 'application/json',
273 silly registry.get     'cache-control': 'max-age=60',
273 silly registry.get     'content-length': '147276',
273 silly registry.get     'accept-ranges': 'bytes',
273 silly registry.get     via: '1.1 varnish',
273 silly registry.get     age: '0',
273 silly registry.get     'x-served-by': 'cache-sjc3120-SJC',
273 silly registry.get     'x-cache': 'HIT',
273 silly registry.get     'x-cache-hits': '1',
273 silly registry.get     'x-timer': 'S1425160290.478167,VS0,VE144',
273 silly registry.get     vary: 'Accept',
273 silly registry.get     'keep-alive': 'timeout=10, max=49',
273 silly registry.get     connection: 'Keep-Alive' } ]
274 http 200 https://registry.npmjs.org/react-router
275 silly registry.get cb [ 200,
275 silly registry.get   { date: 'Sat, 28 Feb 2015 21:51:30 GMT',
275 silly registry.get     server: 'CouchDB/1.5.0 (Erlang OTP/R16B03)',
275 silly registry.get     etag: '"76E2MICX6APK1W50R7WKR8D2U"',
275 silly registry.get     'content-type': 'application/json',
275 silly registry.get     'cache-control': 'max-age=60',
275 silly registry.get     'content-length': '60800',
275 silly registry.get     'accept-ranges': 'bytes',
275 silly registry.get     via: '1.1 varnish',
275 silly registry.get     age: '0',
275 silly registry.get     'x-served-by': 'cache-lax1428-LAX',
275 silly registry.get     'x-cache': 'HIT',
275 silly registry.get     'x-cache-hits': '1',
275 silly registry.get     'x-timer': 'S1425160290.467412,VS0,VE178',
275 silly registry.get     vary: 'Accept',
275 silly registry.get     'keep-alive': 'timeout=10, max=50',
275 silly registry.get     connection: 'Keep-Alive' } ]
276 silly addNameRange number 2 { name: 'react-router',
276 silly addNameRange   range: '>=0.12.4-0 <0.13.0-0',
276 silly addNameRange   hasData: true }
277 silly addNameRange versions [ 'react-router',
277 silly addNameRange   [ '0.0.0',
277 silly addNameRange     '0.0.1',
277 silly addNameRange     '0.4.0',
277 silly addNameRange     '0.4.1',
277 silly addNameRange     '0.4.2',
277 silly addNameRange     '0.5.0',
277 silly addNameRange     '0.5.1',
277 silly addNameRange     '0.5.2',
277 silly addNameRange     '0.5.3',
277 silly addNameRange     '0.6.0',
277 silly addNameRange     '0.6.1',
277 silly addNameRange     '0.7.0',
277 silly addNameRange     '0.8.0',
277 silly addNameRange     '0.9.0',
277 silly addNameRange     '0.9.1',
277 silly addNameRange     '0.9.2',
277 silly addNameRange     '0.9.3',
277 silly addNameRange     '0.9.4',
277 silly addNameRange     '0.9.5',
277 silly addNameRange     '0.10.0',
277 silly addNameRange     '0.10.1',
277 silly addNameRange     '0.10.2',
277 silly addNameRange     '0.11.0',
277 silly addNameRange     '0.11.1',
277 silly addNameRange     '0.11.2',
277 silly addNameRange     '0.11.3',
277 silly addNameRange     '0.11.4',
277 silly addNameRange     '0.11.5',
277 silly addNameRange     '0.11.6',
277 silly addNameRange     '0.12.0',
277 silly addNameRange     '0.12.1',
277 silly addNameRange     '0.12.2',
277 silly addNameRange     '0.12.3',
277 silly addNameRange     '0.12.4' ] ]
278 verbose addNamed [ 'react-router', '0.12.4' ]
279 verbose addNamed [ '0.12.4', '0.12.4' ]
280 silly lockFile ed6e4231-react-router-0-12-4 react-router@0.12.4
281 verbose lock react-router@0.12.4 /home/sdt/.npm/ed6e4231-react-router-0-12-4.lock
282 silly addNameRange number 2 { name: 'nodemon', range: '>=1.3.7-0 <2.0.0-0', hasData: true }
283 silly addNameRange versions [ 'nodemon',
283 silly addNameRange   [ '0.1.4',
283 silly addNameRange     '0.1.5',
283 silly addNameRange     '0.1.6',
283 silly addNameRange     '0.1.7',
283 silly addNameRange     '0.1.8',
283 silly addNameRange     '0.2.0',
283 silly addNameRange     '0.2.1',
283 silly addNameRange     '0.2.2',
283 silly addNameRange     '0.3.0',
283 silly addNameRange     '0.3.1',
283 silly addNameRange     '0.3.2',
283 silly addNameRange     '0.4.0',
283 silly addNameRange     '0.4.1',
283 silly addNameRange     '0.5.0',
283 silly addNameRange     '0.5.1',
283 silly addNameRange     '0.5.2',
283 silly addNameRange     '0.5.3',
283 silly addNameRange     '0.5.4',
283 silly addNameRange     '0.5.5',
283 silly addNameRange     '0.5.6',
283 silly addNameRange     '0.5.7',
283 silly addNameRange     '0.6.0',
283 silly addNameRange     '0.6.1',
283 silly addNameRange     '0.6.2',
283 silly addNameRange     '0.6.3',
283 silly addNameRange     '0.6.4',
283 silly addNameRange     '0.6.5',
283 silly addNameRange     '0.6.6',
283 silly addNameRange     '0.6.7',
283 silly addNameRange     '0.6.8',
283 silly addNameRange     '0.6.9',
283 silly addNameRange     '0.6.10',
283 silly addNameRange     '0.6.11',
283 silly addNameRange     '0.6.12',
283 silly addNameRange     '0.6.13',
283 silly addNameRange     '0.6.14',
283 silly addNameRange     '0.6.15',
283 silly addNameRange     '0.6.16',
283 silly addNameRange     '0.6.17',
283 silly addNameRange     '0.6.18',
283 silly addNameRange     '0.6.19',
283 silly addNameRange     '0.6.20',
283 silly addNameRange     '0.6.21',
283 silly addNameRange     '0.6.22',
283 silly addNameRange     '0.6.23',
283 silly addNameRange     '0.7.0',
283 silly addNameRange     '0.7.1',
283 silly addNameRange     '0.7.2',
283 silly addNameRange     '0.7.3',
283 silly addNameRange     '0.7.4',
283 silly addNameRange     '0.7.5',
283 silly addNameRange     '0.7.6',
283 silly addNameRange     '0.7.7',
283 silly addNameRange     '0.7.8',
283 silly addNameRange     '0.7.10',
283 silly addNameRange     '0.9.0',
283 silly addNameRange     '0.9.1',
283 silly addNameRange     '0.9.2',
283 silly addNameRange     '0.9.3',
283 silly addNameRange     '0.9.5',
283 silly addNameRange     '0.9.6',
283 silly addNameRange     '0.9.7',
283 silly addNameRange     '0.9.10',
283 silly addNameRange     '0.9.11',
283 silly addNameRange     '0.9.12',
283 silly addNameRange     '0.9.14',
283 silly addNameRange     '0.9.16',
283 silly addNameRange     '0.9.17',
283 silly addNameRange     '1.0.0',
283 silly addNameRange     '1.0.1',
283 silly addNameRange     '1.0.2',
283 silly addNameRange     '1.0.2-rc',
283 silly addNameRange     '0.6.10-a',
283 silly addNameRange     '1.0.2-rc3',
283 silly addNameRange     '1.0.2-rc4',
283 silly addNameRange     '1.0.3',
283 silly addNameRange     '1.0.4',
283 silly addNameRange     '1.0.5',
283 silly addNameRange     '1.0.6',
283 silly addNameRange     '1.0.7',
283 silly addNameRange     '1.0.8',
283 silly addNameRange     '1.0.9',
283 silly addNameRange     '1.0.10',
283 silly addNameRange     '1.0.11',
283 silly addNameRange     '1.0.12',
283 silly addNameRange     '1.0.13',
283 silly addNameRange     '1.0.14',
283 silly addNameRange     '1.0.15',
283 silly addNameRange     '1.0.16',
283 silly addNameRange     '1.0.17-rc1',
283 silly addNameRange     '1.0.17-rc2',
283 silly addNameRange     '1.0.17',
283 silly addNameRange     '1.0.18',
283 silly addNameRange     '1.0.19',
283 silly addNameRange     '1.0.20',
283 silly addNameRange     '1.1.0-alpha',
283 silly addNameRange     '1.1.0',
283 silly addNameRange     '1.1.1',
283 silly addNameRange     '1.2.0',
283 silly addNameRange     '1.2.1',
283 silly addNameRange     '1.3.0-0',
283 silly addNameRange     '1.3.0-1',
283 silly addNameRange     '1.3.0-2',
283 silly addNameRange     '1.3.0-3',
283 silly addNameRange     '1.3.0-4',
283 silly addNameRange     '1.3.0-5',
283 silly addNameRange     '1.3.0-6',
283 silly addNameRange     '1.3.0-7',
283 silly addNameRange     '1.3.0',
283 silly addNameRange     '1.3.1',
283 silly addNameRange     '1.3.2',
283 silly addNameRange     '1.3.3',
283 silly addNameRange     '1.3.5',
283 silly addNameRange     '1.3.6',
283 silly addNameRange     '1.3.7' ] ]
284 verbose addNamed [ 'nodemon', '1.3.7' ]
285 verbose addNamed [ '1.3.7', '1.3.7' ]
286 silly lockFile fec6bbf0-nodemon-1-3-7 nodemon@1.3.7
287 verbose lock nodemon@1.3.7 /home/sdt/.npm/fec6bbf0-nodemon-1-3-7.lock
288 silly lockFile 6a9228f2-t-router-react-router-0-12-4-tgz https://registry.npmjs.org/react-router/-/react-router-0.12.4.tgz
289 verbose lock https://registry.npmjs.org/react-router/-/react-router-0.12.4.tgz /home/sdt/.npm/6a9228f2-t-router-react-router-0-12-4-tgz.lock
290 verbose addRemoteTarball [ 'https://registry.npmjs.org/react-router/-/react-router-0.12.4.tgz',
290 verbose addRemoteTarball   'e60798b789729970eea3981799fac4e86bd2fb16' ]
291 info retry fetch attempt 1 at 13:51:31
292 verbose fetch to= /tmp/npm-7495-l-0OMChL/registry.npmjs.org/react-router/-/react-router-0.12.4.tgz
293 http GET https://registry.npmjs.org/react-router/-/react-router-0.12.4.tgz
294 silly lockFile fec6bbf0-nodemon-1-3-7 nodemon@1.3.7
295 silly lockFile fec6bbf0-nodemon-1-3-7 nodemon@1.3.7
296 silly lockFile 489cc511-nodemon-1-3-7 nodemon@^1.3.7
297 silly lockFile 489cc511-nodemon-1-3-7 nodemon@^1.3.7
298 http 200 https://registry.npmjs.org/react
299 silly registry.get cb [ 200,
299 silly registry.get   { date: 'Sat, 28 Feb 2015 21:51:30 GMT',
299 silly registry.get     server: 'CouchDB/1.6.1 (Erlang OTP/R14B04)',
299 silly registry.get     etag: '"CVUTHIY5G9UOXXFE94GJOJZYI"',
299 silly registry.get     'content-type': 'application/json',
299 silly registry.get     'cache-control': 'max-age=60',
299 silly registry.get     'content-length': '52260',
299 silly registry.get     'accept-ranges': 'bytes',
299 silly registry.get     via: '1.1 varnish',
299 silly registry.get     age: '12',
299 silly registry.get     'x-served-by': 'cache-sjc3120-SJC',
299 silly registry.get     'x-cache': 'HIT',
299 silly registry.get     'x-cache-hits': '1',
299 silly registry.get     'x-timer': 'S1425160290.767543,VS0,VE0',
299 silly registry.get     vary: 'Accept',
299 silly registry.get     'keep-alive': 'timeout=10, max=48',
299 silly registry.get     connection: 'Keep-Alive' } ]
300 silly addNameRange number 2 { name: 'react', range: '>=0.12.2-0 <0.13.0-0', hasData: true }
301 silly addNameRange versions [ 'react',
301 silly addNameRange   [ '0.0.1',
301 silly addNameRange     '0.0.2',
301 silly addNameRange     '0.0.3',
301 silly addNameRange     '0.1.2',
301 silly addNameRange     '0.2.0',
301 silly addNameRange     '0.2.1',
301 silly addNameRange     '0.2.2',
301 silly addNameRange     '0.2.3',
301 silly addNameRange     '0.2.4',
301 silly addNameRange     '0.2.5',
301 silly addNameRange     '0.2.6',
301 silly addNameRange     '0.3.0',
301 silly addNameRange     '0.3.4',
301 silly addNameRange     '0.3.5',
301 silly addNameRange     '0.5.0',
301 silly addNameRange     '0.5.1',
301 silly addNameRange     '0.5.2',
301 silly addNameRange     '0.6.0',
301 silly addNameRange     '0.6.1',
301 silly addNameRange     '0.6.2',
301 silly addNameRange     '0.6.3',
301 silly addNameRange     '0.7.0',
301 silly addNameRange     '0.7.1',
301 silly addNameRange     '0.8.0',
301 silly addNameRange     '0.9.0-rc1',
301 silly addNameRange     '0.9.0',
301 silly addNameRange     '0.10.0-rc1',
301 silly addNameRange     '0.10.0',
301 silly addNameRange     '0.11.0-rc1',
301 silly addNameRange     '0.11.0',
301 silly addNameRange     '0.11.1',
301 silly addNameRange     '0.11.2',
301 silly addNameRange     '0.12.0-rc1',
301 silly addNameRange     '0.12.0',
301 silly addNameRange     '0.12.1',
301 silly addNameRange     '0.12.2',
301 silly addNameRange     '0.13.0-alpha.1',
301 silly addNameRange     '0.13.0-alpha.2',
301 silly addNameRange     '0.13.0-beta.1',
301 silly addNameRange     '0.13.0-beta.2',
301 silly addNameRange     '0.13.0-rc1' ] ]
302 verbose addNamed [ 'react', '0.12.2' ]
303 verbose addNamed [ '0.12.2', '0.12.2' ]
304 silly lockFile 1f2cec02-react-0-12-2 react@0.12.2
305 verbose lock react@0.12.2 /home/sdt/.npm/1f2cec02-react-0-12-2.lock
306 silly lockFile 55ae8d64-npmjs-org-react-react-0-12-2-tgz https://registry.npmjs.org/react/-/react-0.12.2.tgz
307 verbose lock https://registry.npmjs.org/react/-/react-0.12.2.tgz /home/sdt/.npm/55ae8d64-npmjs-org-react-react-0-12-2-tgz.lock
308 verbose addRemoteTarball [ 'https://registry.npmjs.org/react/-/react-0.12.2.tgz',
308 verbose addRemoteTarball   '1c4f0b08818146eeab4f0ab39257e0aa52027e00' ]
309 info retry fetch attempt 1 at 13:51:31
310 verbose fetch to= /tmp/npm-7495-l-0OMChL/registry.npmjs.org/react/-/react-0.12.2.tgz
311 http GET https://registry.npmjs.org/react/-/react-0.12.2.tgz
312 http 200 https://registry.npmjs.org/react-bootstrap
313 silly registry.get cb [ 200,
313 silly registry.get   { date: 'Sat, 28 Feb 2015 21:51:30 GMT',
313 silly registry.get     server: 'CouchDB/1.6.1 (Erlang OTP/R14B04)',
313 silly registry.get     etag: '"BT4RZ72GTAXQNT96O5MDXD5P8"',
313 silly registry.get     'content-type': 'application/json',
313 silly registry.get     'cache-control': 'max-age=60',
313 silly registry.get     'content-length': '40161',
313 silly registry.get     'accept-ranges': 'bytes',
313 silly registry.get     via: '1.1 varnish',
313 silly registry.get     age: '0',
313 silly registry.get     'x-served-by': 'cache-sjc3122-SJC',
313 silly registry.get     'x-cache': 'MISS',
313 silly registry.get     'x-cache-hits': '0',
313 silly registry.get     'x-timer': 'S1425160290.443084,VS0,VE348',
313 silly registry.get     vary: 'Accept',
313 silly registry.get     'keep-alive': 'timeout=10, max=50',
313 silly registry.get     connection: 'Keep-Alive' } ]
314 silly addNameRange number 2 { name: 'react-bootstrap',
314 silly addNameRange   range: '>=0.15.1-0 <0.16.0-0',
314 silly addNameRange   hasData: true }
315 silly addNameRange versions [ 'react-bootstrap',
315 silly addNameRange   [ '0.2.0',
315 silly addNameRange     '0.3.0',
315 silly addNameRange     '0.4.0',
315 silly addNameRange     '0.4.2',
315 silly addNameRange     '0.5.0',
315 silly addNameRange     '0.5.1',
315 silly addNameRange     '0.5.2',
315 silly addNameRange     '0.6.2',
315 silly addNameRange     '0.7.0',
315 silly addNameRange     '0.6.0',
315 silly addNameRange     '0.6.1',
315 silly addNameRange     '0.7.1',
315 silly addNameRange     '0.7.2',
315 silly addNameRange     '0.8.0',
315 silly addNameRange     '0.8.1',
315 silly addNameRange     '0.8.2',
315 silly addNameRange     '0.9.0',
315 silly addNameRange     '0.10.0',
315 silly addNameRange     '0.10.1',
315 silly addNameRange     '0.10.2',
315 silly addNameRange     '0.11.0',
315 silly addNameRange     '0.11.1',
315 silly addNameRange     '0.12.0',
315 silly addNameRange     '0.13.0',
315 silly addNameRange     '0.13.1',
315 silly addNameRange     '0.13.2',
315 silly addNameRange     '0.13.3',
315 silly addNameRange     '0.14.0',
315 silly addNameRange     '0.14.1',
315 silly addNameRange     '0.15.0',
315 silly addNameRange     '0.15.1',
315 silly addNameRange     '0.16.0' ] ]
316 verbose addNamed [ 'react-bootstrap', '0.15.1' ]
317 verbose addNamed [ '0.15.1', '0.15.1' ]
318 silly lockFile d9d2af15-react-bootstrap-0-15-1 react-bootstrap@0.15.1
319 verbose lock react-bootstrap@0.15.1 /home/sdt/.npm/d9d2af15-react-bootstrap-0-15-1.lock
320 http 304 https://registry.npmjs.org/cors
321 silly registry.get cb [ 304,
321 silly registry.get   { date: 'Sat, 28 Feb 2015 21:51:30 GMT',
321 silly registry.get     server: 'Apache',
321 silly registry.get     via: '1.1 varnish',
321 silly registry.get     'last-modified': 'Sat, 28 Feb 2015 21:51:30 GMT',
321 silly registry.get     'cache-control': 'max-age=60',
321 silly registry.get     etag: '"BVFDBXKK4T2O3YWRWK0XS7OHK"',
321 silly registry.get     age: '0',
321 silly registry.get     'x-served-by': 'cache-lax1428-LAX',
321 silly registry.get     'x-cache': 'MISS',
321 silly registry.get     'x-cache-hits': '0',
321 silly registry.get     'x-timer': 'S1425160290.776591,VS0,VE175',
321 silly registry.get     vary: 'Accept',
321 silly registry.get     'content-length': '0',
321 silly registry.get     'keep-alive': 'timeout=10, max=49',
321 silly registry.get     connection: 'Keep-Alive' } ]
322 verbose etag https://registry.npmjs.org/cors from cache
323 silly lockFile 60b09674-strap-react-bootstrap-0-15-1-tgz https://registry.npmjs.org/react-bootstrap/-/react-bootstrap-0.15.1.tgz
324 verbose lock https://registry.npmjs.org/react-bootstrap/-/react-bootstrap-0.15.1.tgz /home/sdt/.npm/60b09674-strap-react-bootstrap-0-15-1-tgz.lock
325 verbose addRemoteTarball [ 'https://registry.npmjs.org/react-bootstrap/-/react-bootstrap-0.15.1.tgz',
325 verbose addRemoteTarball   '057a897a144e140e14fb58f470e3c3e205e6ef6d' ]
326 info retry fetch attempt 1 at 13:51:31
327 verbose fetch to= /tmp/npm-7495-l-0OMChL/registry.npmjs.org/react-bootstrap/-/react-bootstrap-0.15.1.tgz
328 http GET https://registry.npmjs.org/react-bootstrap/-/react-bootstrap-0.15.1.tgz
329 silly addNameRange number 2 { name: 'cors', range: '>=2.5.3-0 <3.0.0-0', hasData: true }
330 silly addNameRange versions [ 'cors',
330 silly addNameRange   [ '0.0.1',
330 silly addNameRange     '0.0.2',
330 silly addNameRange     '0.0.3',
330 silly addNameRange     '0.0.4',
330 silly addNameRange     '0.0.5',
330 silly addNameRange     '0.1.0',
330 silly addNameRange     '0.1.1',
330 silly addNameRange     '1.0.0',
330 silly addNameRange     '1.0.1',
330 silly addNameRange     '2.0.0',
330 silly addNameRange     '2.1.0',
330 silly addNameRange     '2.1.1',
330 silly addNameRange     '2.2.0',
330 silly addNameRange     '2.3.0',
330 silly addNameRange     '2.3.1',
330 silly addNameRange     '2.3.2',
330 silly addNameRange     '2.4.0',
330 silly addNameRange     '2.4.1',
330 silly addNameRange     '2.4.2',
330 silly addNameRange     '2.5.0',
330 silly addNameRange     '2.5.1',
330 silly addNameRange     '2.5.2',
330 silly addNameRange     '2.5.3' ] ]
331 verbose addNamed [ 'cors', '2.5.3' ]
332 verbose addNamed [ '2.5.3', '2.5.3' ]
333 silly lockFile bebe630f-cors-2-5-3 cors@2.5.3
334 verbose lock cors@2.5.3 /home/sdt/.npm/bebe630f-cors-2-5-3.lock
335 silly lockFile bebe630f-cors-2-5-3 cors@2.5.3
336 silly lockFile bebe630f-cors-2-5-3 cors@2.5.3
337 silly lockFile e8ad9e52-cors-2-5-3 cors@^2.5.3
338 silly lockFile e8ad9e52-cors-2-5-3 cors@^2.5.3
339 http 200 https://registry.npmjs.org/react-router/-/react-router-0.12.4.tgz
340 http 200 https://registry.npmjs.org/react/-/react-0.12.2.tgz
341 http 200 https://registry.npmjs.org/twilio
342 silly registry.get cb [ 200,
342 silly registry.get   { date: 'Sat, 28 Feb 2015 21:51:31 GMT',
342 silly registry.get     server: 'CouchDB/1.6.1 (Erlang OTP/R14B04)',
342 silly registry.get     etag: '"4O53YNTEKF92JOGZ0SZL82EU4"',
342 silly registry.get     'content-type': 'application/json',
342 silly registry.get     'cache-control': 'max-age=60',
342 silly registry.get     'content-length': '35204',
342 silly registry.get     'accept-ranges': 'bytes',
342 silly registry.get     via: '1.1 varnish',
342 silly registry.get     age: '0',
342 silly registry.get     'x-served-by': 'cache-sjc3122-SJC',
342 silly registry.get     'x-cache': 'MISS',
342 silly registry.get     'x-cache-hits': '0',
342 silly registry.get     'x-timer': 'S1425160291.012787,VS0,VE175',
342 silly registry.get     vary: 'Accept',
342 silly registry.get     'keep-alive': 'timeout=10, max=49',
342 silly registry.get     connection: 'Keep-Alive' } ]
343 silly addNameRange number 2 { name: 'twilio', range: '>=1.10.0-0 <2.0.0-0', hasData: true }
344 silly addNameRange versions [ 'twilio',
344 silly addNameRange   [ '0.0.0',
344 silly addNameRange     '0.0.1',
344 silly addNameRange     '0.0.3',
344 silly addNameRange     '0.0.4',
344 silly addNameRange     '0.2.0',
344 silly addNameRange     '0.3.0',
344 silly addNameRange     '0.4.0',
344 silly addNameRange     '0.3.3',
344 silly addNameRange     '0.4.1',
344 silly addNameRange     '0.5.0',
344 silly addNameRange     '0.6.0',
344 silly addNameRange     '0.6.1',
344 silly addNameRange     '0.6.2',
344 silly addNameRange     '0.7.0',
344 silly addNameRange     '0.7.1',
344 silly addNameRange     '0.8.0',
344 silly addNameRange     '0.8.1',
344 silly addNameRange     '1.0.0',
344 silly addNameRange     '1.0.1',
344 silly addNameRange     '1.1.0',
344 silly addNameRange     '1.1.1',
344 silly addNameRange     '1.1.2',
344 silly addNameRange     '1.1.3',
344 silly addNameRange     '1.1.4',
344 silly addNameRange     '1.2.0',
344 silly addNameRange     '1.3.0',
344 silly addNameRange     '1.4.0',
344 silly addNameRange     '1.5.0',
344 silly addNameRange     '1.6.0',
344 silly addNameRange     '1.7.0',
344 silly addNameRange     '1.8.0',
344 silly addNameRange     '1.9.0',
344 silly addNameRange     '1.10.0',
344 silly addNameRange     '1.11.0',
344 silly addNameRange     '1.11.1' ] ]
345 verbose addNamed [ 'twilio', '1.11.1' ]
346 verbose addNamed [ '1.11.1', '1.11.1' ]
347 silly lockFile 15ee5038-twilio-1-11-1 twilio@1.11.1
348 verbose lock twilio@1.11.1 /home/sdt/.npm/15ee5038-twilio-1-11-1.lock
349 silly lockFile 1b11a9d2-mjs-org-twilio-twilio-1-11-1-tgz https://registry.npmjs.org/twilio/-/twilio-1.11.1.tgz
350 verbose lock https://registry.npmjs.org/twilio/-/twilio-1.11.1.tgz /home/sdt/.npm/1b11a9d2-mjs-org-twilio-twilio-1-11-1-tgz.lock
351 verbose addRemoteTarball [ 'https://registry.npmjs.org/twilio/-/twilio-1.11.1.tgz',
351 verbose addRemoteTarball   '70e603d1a61d345bd61c8ee39a277f9605188c56' ]
352 info retry fetch attempt 1 at 13:51:31
353 verbose fetch to= /tmp/npm-7495-l-0OMChL/registry.npmjs.org/twilio/-/twilio-1.11.1.tgz
354 http GET https://registry.npmjs.org/twilio/-/twilio-1.11.1.tgz
355 silly lockFile 6a9228f2-t-router-react-router-0-12-4-tgz https://registry.npmjs.org/react-router/-/react-router-0.12.4.tgz
356 silly lockFile 6a9228f2-t-router-react-router-0-12-4-tgz https://registry.npmjs.org/react-router/-/react-router-0.12.4.tgz
357 silly lockFile ed6e4231-react-router-0-12-4 react-router@0.12.4
358 silly lockFile ed6e4231-react-router-0-12-4 react-router@0.12.4
359 silly lockFile 6582279c-react-router-0-12-4 react-router@^0.12.4
360 silly lockFile 6582279c-react-router-0-12-4 react-router@^0.12.4
361 http 200 https://registry.npmjs.org/gulp
362 silly registry.get cb [ 200,
362 silly registry.get   { date: 'Sat, 28 Feb 2015 21:51:31 GMT',
362 silly registry.get     server: 'CouchDB/1.5.0 (Erlang OTP/R16B03)',
362 silly registry.get     etag: '"B4WAXAZ7I81KY9W1YCO00MFXZ"',
362 silly registry.get     'content-type': 'application/json',
362 silly registry.get     'cache-control': 'max-age=60',
362 silly registry.get     'content-length': '100230',
362 silly registry.get     'accept-ranges': 'bytes',
362 silly registry.get     via: '1.1 varnish',
362 silly registry.get     age: '0',
362 silly registry.get     'x-served-by': 'cache-lax1428-LAX',
362 silly registry.get     'x-cache': 'HIT',
362 silly registry.get     'x-cache-hits': '1',
362 silly registry.get     'x-timer': 'S1425160291.031568,VS0,VE72',
362 silly registry.get     vary: 'Accept',
362 silly registry.get     'keep-alive': 'timeout=10, max=48',
362 silly registry.get     connection: 'Keep-Alive' } ]
363 silly addNameRange number 2 { name: 'gulp', range: '>=3.8.11-0 <4.0.0-0', hasData: true }
364 silly addNameRange versions [ 'gulp',
364 silly addNameRange   [ '0.0.1',
364 silly addNameRange     '0.0.2',
364 silly addNameRange     '0.0.3',
364 silly addNameRange     '0.0.4',
364 silly addNameRange     '0.0.5',
364 silly addNameRange     '0.0.7',
364 silly addNameRange     '0.0.8',
364 silly addNameRange     '0.0.9',
364 silly addNameRange     '0.1.0',
364 silly addNameRange     '0.2.0',
364 silly addNameRange     '1.0.0',
364 silly addNameRange     '1.1.0',
364 silly addNameRange     '1.2.0',
364 silly addNameRange     '1.2.1',
364 silly addNameRange     '2.0.0',
364 silly addNameRange     '2.0.1',
364 silly addNameRange     '2.1.0',
364 silly addNameRange     '2.2.0',
364 silly addNameRange     '2.3.0',
364 silly addNameRange     '2.4.0',
364 silly addNameRange     '2.4.1',
364 silly addNameRange     '2.6.0',
364 silly addNameRange     '2.6.1',
364 silly addNameRange     '2.7.0',
364 silly addNameRange     '3.0.0',
364 silly addNameRange     '3.1.1',
364 silly addNameRange     '3.1.2',
364 silly addNameRange     '3.1.3',
364 silly addNameRange     '3.1.4',
364 silly addNameRange     '3.2.0',
364 silly addNameRange     '3.2.1',
364 silly addNameRange     '3.2.2',
364 silly addNameRange     '3.2.3',
364 silly addNameRange     '3.2.4',
364 silly addNameRange     '3.2.5',
364 silly addNameRange     '3.3.0',
364 silly addNameRange     '3.3.1',
364 silly addNameRange     '3.3.2',
364 silly addNameRange     '3.3.4',
364 silly addNameRange     '3.4.0',
364 silly addNameRange     '3.5.0',
364 silly addNameRange     '3.5.1',
364 silly addNameRange     '3.5.2',
364 silly addNameRange     '3.5.5',
364 silly addNameRange     '3.5.6',
364 silly addNameRange     '3.6.0',
364 silly addNameRange     '3.6.1',
364 silly addNameRange     '3.6.2',
364 silly addNameRange     '3.7.0',
364 silly addNameRange     '3.8.0',
364 silly addNameRange     '3.8.1',
364 silly addNameRange     '3.8.2',
364 silly addNameRange     '3.8.3',
364 silly addNameRange     '3.8.4',
364 silly addNameRange     '3.8.5',
364 silly addNameRange     '3.8.6',
364 silly addNameRange     '3.8.7',
364 silly addNameRange     '3.8.8',
364 silly addNameRange     '3.8.9',
364 silly addNameRange     '3.8.10',
364 silly addNameRange     '3.8.11' ] ]
365 verbose addNamed [ 'gulp', '3.8.11' ]
366 verbose addNamed [ '3.8.11', '3.8.11' ]
367 silly lockFile 3d31ec08-gulp-3-8-11 gulp@3.8.11
368 verbose lock gulp@3.8.11 /home/sdt/.npm/3d31ec08-gulp-3-8-11.lock
369 silly lockFile 3d31ec08-gulp-3-8-11 gulp@3.8.11
370 silly lockFile 3d31ec08-gulp-3-8-11 gulp@3.8.11
371 silly lockFile 3156ea88-gulp-3-8-11 gulp@^3.8.11
372 silly lockFile 3156ea88-gulp-3-8-11 gulp@^3.8.11
373 http 200 https://registry.npmjs.org/react-bootstrap/-/react-bootstrap-0.15.1.tgz
374 http 200 https://registry.npmjs.org/twilio/-/twilio-1.11.1.tgz
375 silly lockFile 1b11a9d2-mjs-org-twilio-twilio-1-11-1-tgz https://registry.npmjs.org/twilio/-/twilio-1.11.1.tgz
376 silly lockFile 1b11a9d2-mjs-org-twilio-twilio-1-11-1-tgz https://registry.npmjs.org/twilio/-/twilio-1.11.1.tgz
377 silly lockFile 15ee5038-twilio-1-11-1 twilio@1.11.1
378 silly lockFile 15ee5038-twilio-1-11-1 twilio@1.11.1
379 silly lockFile 9d47449e-twilio-1-10-0 twilio@^1.10.0
380 silly lockFile 9d47449e-twilio-1-10-0 twilio@^1.10.0
381 http 200 https://registry.npmjs.org/mongoose
382 silly registry.get cb [ 200,
382 silly registry.get   { date: 'Sat, 28 Feb 2015 21:51:30 GMT',
382 silly registry.get     server: 'CouchDB/1.5.0 (Erlang OTP/R16B03)',
382 silly registry.get     etag: '"47UTUXN079KVF7JDHY56QB37E"',
382 silly registry.get     'content-type': 'application/json',
382 silly registry.get     'cache-control': 'max-age=60',
382 silly registry.get     'content-length': '300482',
382 silly registry.get     'accept-ranges': 'bytes',
382 silly registry.get     via: '1.1 varnish',
382 silly registry.get     age: '0',
382 silly registry.get     'x-served-by': 'cache-lax1431-LAX',
382 silly registry.get     'x-cache': 'HIT',
382 silly registry.get     'x-cache-hits': '1',
382 silly registry.get     'x-timer': 'S1425160290.483279,VS0,VE312',
382 silly registry.get     vary: 'Accept',
382 silly registry.get     'keep-alive': 'timeout=10, max=50',
382 silly registry.get     connection: 'Keep-Alive' } ]
383 silly addNameRange number 2 { name: 'mongoose', range: '>=3.8.23-0 <4.0.0-0', hasData: true }
384 silly addNameRange versions [ 'mongoose',
384 silly addNameRange   [ '0.0.1',
384 silly addNameRange     '0.0.2',
384 silly addNameRange     '0.0.3',
384 silly addNameRange     '0.0.4',
384 silly addNameRange     '0.0.5',
384 silly addNameRange     '1.0.0',
384 silly addNameRange     '1.0.1',
384 silly addNameRange     '1.0.2',
384 silly addNameRange     '0.0.6',
384 silly addNameRange     '1.0.3',
384 silly addNameRange     '1.0.4',
384 silly addNameRange     '1.0.5',
384 silly addNameRange     '1.0.6',
384 silly addNameRange     '1.0.7',
384 silly addNameRange     '1.0.8',
384 silly addNameRange     '1.0.10',
384 silly addNameRange     '1.0.11',
384 silly addNameRange     '1.0.12',
384 silly addNameRange     '1.0.13',
384 silly addNameRange     '1.0.14',
384 silly addNameRange     '1.0.15',
384 silly addNameRange     '1.0.16',
384 silly addNameRange     '1.1.0',
384 silly addNameRange     '1.1.1',
384 silly addNameRange     '1.1.2',
384 silly addNameRange     '1.1.3',
384 silly addNameRange     '1.1.4',
384 silly addNameRange     '1.1.5',
384 silly addNameRange     '1.1.6',
384 silly addNameRange     '1.1.7',
384 silly addNameRange     '1.1.8',
384 silly addNameRange     '1.1.9',
384 silly addNameRange     '1.1.10',
384 silly addNameRange     '1.1.11',
384 silly addNameRange     '1.1.12',
384 silly addNameRange     '1.1.13',
384 silly addNameRange     '1.1.14',
384 silly addNameRange     '1.1.15',
384 silly addNameRange     '1.1.16',
384 silly addNameRange     '1.1.17',
384 silly addNameRange     '1.1.18',
384 silly addNameRange     '1.1.19',
384 silly addNameRange     '1.1.20',
384 silly addNameRange     '1.1.21',
384 silly addNameRange     '1.1.22',
384 silly addNameRange     '1.1.23',
384 silly addNameRange     '1.1.24',
384 silly addNameRange     '1.1.25',
384 silly addNameRange     '1.2.0',
384 silly addNameRange     '1.3.0',
384 silly addNameRange     '1.3.1',
384 silly addNameRange     '1.3.2',
384 silly addNameRange     '1.3.3',
384 silly addNameRange     '1.3.4',
384 silly addNameRange     '1.3.5',
384 silly addNameRange     '1.3.6',
384 silly addNameRange     '1.3.7',
384 silly addNameRange     '1.4.0',
384 silly addNameRange     '1.5.0',
384 silly addNameRange     '1.6.0',
384 silly addNameRange     '1.7.2',
384 silly addNameRange     '1.7.3',
384 silly addNameRange     '1.7.4',
384 silly addNameRange     '1.8.0',
384 silly addNameRange     '1.8.1',
384 silly addNameRange     '1.8.2',
384 silly addNameRange     '1.8.3',
384 silly addNameRange     '1.8.4',
384 silly addNameRange     '2.0.0',
384 silly addNameRange     '2.0.1',
384 silly addNameRange     '2.0.2',
384 silly addNameRange     '2.0.3',
384 silly addNameRange     '2.0.4',
384 silly addNameRange     '2.1.0',
384 silly addNameRange     '2.1.1',
384 silly addNameRange     '2.1.2',
384 silly addNameRange     '2.1.3',
384 silly addNameRange     '2.1.4',
384 silly addNameRange     '2.2.0',
384 silly addNameRange     '2.2.1',
384 silly addNameRange     '2.2.2',
384 silly addNameRange     '2.2.3',
384 silly addNameRange     '2.2.4',
384 silly addNameRange     '2.3.0',
384 silly addNameRange     '2.3.1',
384 silly addNameRange     '2.3.2',
384 silly addNameRange     '2.3.3',
384 silly addNameRange     '2.3.4',
384 silly addNameRange     '2.3.5',
384 silly addNameRange     '2.3.6',
384 silly addNameRange     '2.3.7',
384 silly addNameRange     '2.3.8',
384 silly addNameRange     '2.3.9',
384 silly addNameRange     '2.3.10',
384 silly addNameRange     '2.3.11',
384 silly addNameRange     '2.3.12',
384 silly addNameRange     '2.3.13',
384 silly addNameRange     '2.4.0',
384 silly addNameRange     '2.4.1',
384 silly addNameRange     '2.4.2',
384 silly addNameRange     '2.4.3',
384 silly addNameRange     '2.4.4',
384 silly addNameRange     '2.4.5',
384 silly addNameRange     '2.4.6',
384 silly addNameRange     '2.4.7',
384 silly addNameRange     '2.4.8',
384 silly addNameRange     '2.4.9',
384 silly addNameRange     '2.4.10',
384 silly addNameRange     '2.5.0',
384 silly addNameRange     '2.5.1',
384 silly addNameRange     '2.5.2',
384 silly addNameRange     '2.5.3',
384 silly addNameRange     '2.5.4',
384 silly addNameRange     '2.5.5',
384 silly addNameRange     '2.5.6',
384 silly addNameRange     '2.5.7',
384 silly addNameRange     '2.5.8',
384 silly addNameRange     '2.5.9',
384 silly addNameRange     '2.5.10',
384 silly addNameRange     '2.5.11',
384 silly addNameRange     '2.5.12',
384 silly addNameRange     '2.5.13',
384 silly addNameRange     '2.5.14',
384 silly addNameRange     '2.6.0',
384 silly addNameRange     '2.6.1',
384 silly addNameRange     '2.6.2',
384 silly addNameRange     '2.6.3',
384 silly addNameRange     '2.6.4',
384 silly addNameRange     '2.6.5',
384 silly addNameRange     '2.6.6',
384 silly addNameRange     '2.6.7',
384 silly addNameRange     '2.6.8',
384 silly addNameRange     '2.7.0',
384 silly addNameRange     '2.7.1',
384 silly addNameRange     '2.7.2',
384 silly addNameRange     '2.7.4',
384 silly addNameRange     '2.7.3',
384 silly addNameRange     '3.0.0',
384 silly addNameRange     '3.0.1',
384 silly addNameRange     '3.0.2',
384 silly addNameRange     '2.8.0',
384 silly addNameRange     '3.0.3',
384 silly addNameRange     '3.1.0',
384 silly addNameRange     '2.8.1',
384 silly addNameRange     '3.1.1',
384 silly addNameRange     '2.8.2',
384 silly addNameRange     '2.8.3',
384 silly addNameRange     '2.9.0',
384 silly addNameRange     '3.2.0',
384 silly addNameRange     '2.9.1',
384 silly addNameRange     '3.2.1',
384 silly addNameRange     '2.9.2',
384 silly addNameRange     '3.2.2',
384 silly addNameRange     '3.3.0',
384 silly addNameRange     '3.3.1',
384 silly addNameRange     '2.9.3',
384 silly addNameRange     '3.4.0',
384 silly addNameRange     '2.9.4',
384 silly addNameRange     '2.9.5',
384 silly addNameRange     '3.5.0',
384 silly addNameRange     '3.5.1',
384 silly addNameRange     '3.5.2',
384 silly addNameRange     '3.5.3',
384 silly addNameRange     '2.9.6',
384 silly addNameRange     '2.9.7',
384 silly addNameRange     '3.5.4',
384 silly addNameRange     '3.5.5',
384 silly addNameRange     '2.9.8',
384 silly addNameRange     '2.9.9',
384 silly addNameRange     '3.5.6',
384 silly addNameRange     '3.5.7',
384 silly addNameRange     '3.5.8',
384 silly addNameRange     '2.9.10',
384 silly addNameRange     '3.5.9',
384 silly addNameRange     '3.6.2',
384 silly addNameRange     '3.5.10',
384 silly addNameRange     '3.6.3',
384 silly addNameRange     '3.5.11',
384 silly addNameRange     '3.6.4',
384 silly addNameRange     '3.6.5',
384 silly addNameRange     '3.6.6',
384 silly addNameRange     '3.6.7',
384 silly addNameRange     '3.5.12',
384 silly addNameRange     '3.6.8',
384 silly addNameRange     '3.6.9',
384 silly addNameRange     '3.6.10',
384 silly addNameRange     '3.5.13',
384 silly addNameRange     '3.5.14',
384 silly addNameRange     '3.6.11',
384 silly addNameRange     '3.6.12',
384 silly addNameRange     '3.6.13',
384 silly addNameRange     '3.6.14',
384 silly addNameRange     '3.6.15',
384 silly addNameRange     '3.5.15',
384 silly addNameRange     '3.7.0',
384 silly addNameRange     '3.6.16',
384 silly addNameRange     '3.5.16',
384 silly addNameRange     '3.6.17',
384 silly addNameRange     '3.7.2',
384 silly addNameRange     '3.0.0-alpha1',
384 silly addNameRange     '3.0.0-alpha2',
384 silly addNameRange     '3.0.0-rc0',
384 silly addNameRange     '3.6.0-rc0',
384 silly addNameRange     '3.6.0-rc1',
384 silly addNameRange     '3.6.18',
384 silly addNameRange     '3.7.3',
384 silly addNameRange     '3.6.19',
384 silly addNameRange     '3.6.20',
384 silly addNameRange     '3.7.4',
384 silly addNameRange     '3.8.0',
384 silly addNameRange     '3.8.1',
384 silly addNameRange     '3.8.2',
384 silly addNameRange     '3.8.3',
384 silly addNameRange     '3.8.4',
384 silly addNameRange     '3.8.5',
384 silly addNameRange     '3.8.6',
384 silly addNameRange     '3.8.7',
384 silly addNameRange     '3.8.8',
384 silly addNameRange     '3.8.9',
384 silly addNameRange     '3.8.10',
384 silly addNameRange     '3.8.11',
384 silly addNameRange     '3.9.0',
384 silly addNameRange     '3.8.12',
384 silly addNameRange     '3.8.13',
384 silly addNameRange     '3.8.14',
384 silly addNameRange     '3.8.15',
384 silly addNameRange     '3.9.1',
384 silly addNameRange     '3.8.16',
384 silly addNameRange     '3.9.2',
384 silly addNameRange     '3.8.17',
384 silly addNameRange     '3.9.3',
384 silly addNameRange     '3.8.18',
384 silly addNameRange     '3.9.4',
384 silly addNameRange     '3.8.19',
384 silly addNameRange     '3.9.5',
384 silly addNameRange     '3.8.20',
384 silly addNameRange     '3.9.6',
384 silly addNameRange     '3.8.21',
384 silly addNameRange     '3.9.7',
384 silly addNameRange     '3.8.22',
384 silly addNameRange     '4.0.0-rc0',
384 silly addNameRange     '4.0.0-rc1',
384 silly addNameRange     '3.8.23',
384 silly addNameRange     '4.0.0-rc2',
384 silly addNameRange     '3.8.24',
384 silly addNameRange     '4.0.0-rc3' ] ]
385 verbose addNamed [ 'mongoose', '3.8.24' ]
386 verbose addNamed [ '3.8.24', '3.8.24' ]
387 silly lockFile 867b942d-mongoose-3-8-24 mongoose@3.8.24
388 verbose lock mongoose@3.8.24 /home/sdt/.npm/867b942d-mongoose-3-8-24.lock
389 silly lockFile 867b942d-mongoose-3-8-24 mongoose@3.8.24
390 silly lockFile 867b942d-mongoose-3-8-24 mongoose@3.8.24
391 silly lockFile 74467816-mongoose-3-8-23 mongoose@^3.8.23
392 silly lockFile 74467816-mongoose-3-8-23 mongoose@^3.8.23
393 silly lockFile 60b09674-strap-react-bootstrap-0-15-1-tgz https://registry.npmjs.org/react-bootstrap/-/react-bootstrap-0.15.1.tgz
394 silly lockFile 60b09674-strap-react-bootstrap-0-15-1-tgz https://registry.npmjs.org/react-bootstrap/-/react-bootstrap-0.15.1.tgz
395 silly lockFile d9d2af15-react-bootstrap-0-15-1 react-bootstrap@0.15.1
396 silly lockFile d9d2af15-react-bootstrap-0-15-1 react-bootstrap@0.15.1
397 silly lockFile 0d3ad0f5-react-bootstrap-0-15-1 react-bootstrap@^0.15.1
398 silly lockFile 0d3ad0f5-react-bootstrap-0-15-1 react-bootstrap@^0.15.1
399 http 200 https://registry.npmjs.org/browserify
400 silly registry.get cb [ 200,
400 silly registry.get   { date: 'Sat, 28 Feb 2015 21:51:30 GMT',
400 silly registry.get     server: 'CouchDB/1.5.0 (Erlang OTP/R16B03)',
400 silly registry.get     etag: '"1VSH98BM0QN7356V32WH00UPY"',
400 silly registry.get     'content-type': 'application/json',
400 silly registry.get     'cache-control': 'max-age=60',
400 silly registry.get     'content-length': '784226',
400 silly registry.get     'accept-ranges': 'bytes',
400 silly registry.get     via: '1.1 varnish',
400 silly registry.get     age: '2',
400 silly registry.get     'x-served-by': 'cache-lax1429-LAX',
400 silly registry.get     'x-cache': 'HIT',
400 silly registry.get     'x-cache-hits': '1',
400 silly registry.get     'x-timer': 'S1425160290.504339,VS0,VE4',
400 silly registry.get     vary: 'Accept',
400 silly registry.get     'keep-alive': 'timeout=10, max=49',
400 silly registry.get     connection: 'Keep-Alive' } ]
401 silly addNameRange number 2 { name: 'browserify',
401 silly addNameRange   range: '>=9.0.3-0 <10.0.0-0',
401 silly addNameRange   hasData: true }
402 silly addNameRange versions [ 'browserify',
402 silly addNameRange   [ '0.0.1',
402 silly addNameRange     '0.0.2',
402 silly addNameRange     '0.0.3',
402 silly addNameRange     '0.0.4',
402 silly addNameRange     '0.0.5',
402 silly addNameRange     '0.1.0',
402 silly addNameRange     '0.1.1',
402 silly addNameRange     '0.1.2',
402 silly addNameRange     '0.1.3',
402 silly addNameRange     '0.1.4',
402 silly addNameRange     '0.1.5',
402 silly addNameRange     '0.2.0',
402 silly addNameRange     '0.2.1',
402 silly addNameRange     '0.2.2',
402 silly addNameRange     '0.2.3',
402 silly addNameRange     '0.2.4',
402 silly addNameRange     '0.2.5',
402 silly addNameRange     '0.2.6',
402 silly addNameRange     '0.2.7',
402 silly addNameRange     '0.2.8',
402 silly addNameRange     '0.2.9',
402 silly addNameRange     '0.2.10',
402 silly addNameRange     '0.2.11',
402 silly addNameRange     '0.3.0',
402 silly addNameRange     '0.3.1',
402 silly addNameRange     '0.3.2',
402 silly addNameRange     '0.3.3',
402 silly addNameRange     '0.3.4',
402 silly addNameRange     '0.3.5',
402 silly addNameRange     '0.3.6',
402 silly addNameRange     '0.3.7',
402 silly addNameRange     '0.4.0',
402 silly addNameRange     '0.4.1',
402 silly addNameRange     '0.4.2',
402 silly addNameRange     '0.4.3',
402 silly addNameRange     '0.4.4',
402 silly addNameRange     '0.4.5',
402 silly addNameRange     '0.4.6',
402 silly addNameRange     '0.4.7',
402 silly addNameRange     '0.4.8',
402 silly addNameRange     '0.4.9',
402 silly addNameRange     '0.4.10',
402 silly addNameRange     '0.4.11',
402 silly addNameRange     '0.4.12',
402 silly addNameRange     '0.4.13',
402 silly addNameRange     '0.4.14',
402 silly addNameRange     '0.4.15',
402 silly addNameRange     '0.5.0',
402 silly addNameRange     '0.5.1',
402 silly addNameRange     '0.5.2',
402 silly addNameRange     '1.0.0',
402 silly addNameRange     '1.1.0',
402 silly addNameRange     '1.1.1',
402 silly addNameRange     '1.1.2',
402 silly addNameRange     '1.1.3',
402 silly addNameRange     '1.1.4',
402 silly addNameRange     '1.2.0',
402 silly addNameRange     '1.2.1',
402 silly addNameRange     '1.2.2',
402 silly addNameRange     '1.2.3',
402 silly addNameRange     '1.2.4',
402 silly addNameRange     '1.2.5',
402 silly addNameRange     '1.2.6',
402 silly addNameRange     '1.2.7',
402 silly addNameRange     '1.2.8',
402 silly addNameRange     '1.2.9',
402 silly addNameRange     '1.3.0',
402 silly addNameRange     '1.4.0',
402 silly addNameRange     '1.4.1',
402 silly addNameRange     '1.4.2',
402 silly addNameRange     '1.4.3',
402 silly addNameRange     '1.4.4',
402 silly addNameRange     '1.4.5',
402 silly addNameRange     '1.4.6',
402 silly addNameRange     '1.4.7',
402 silly addNameRange     '1.4.8',
402 silly addNameRange     '1.5.0',
402 silly addNameRange     '1.6.0',
402 silly addNameRange     '1.6.1',
402 silly addNameRange     '1.7.0',
402 silly addNameRange     '1.7.1',
402 silly addNameRange     '1.7.2',
402 silly addNameRange     '1.7.3',
402 silly addNameRange     '1.7.4',
402 silly addNameRange     '1.7.5',
402 silly addNameRange     '1.7.6',
402 silly addNameRange     '1.7.7',
402 silly addNameRange     '1.8.0',
402 silly addNameRange     '1.8.1',
402 silly addNameRange     '1.8.2',
402 silly addNameRange     '1.8.3',
402 silly addNameRange     '1.9.0',
402 silly addNameRange     '1.9.1',
402 silly addNameRange     '1.9.2',
402 silly addNameRange     '1.9.3',
402 silly addNameRange     '1.9.4',
402 silly addNameRange     '1.10.0',
402 silly addNameRange     '1.10.1',
402 silly addNameRange     '1.10.2',
402 silly addNameRange     '1.10.3',
402 silly addNameRange     '1.10.4',
402 silly addNameRange     '1.10.5',
402 silly addNameRange     '1.10.6',
402 silly addNameRange     '1.10.7',
402 silly addNameRange     '1.10.8',
402 silly addNameRange     '1.10.9',
402 silly addNameRange     '1.10.11',
402 silly addNameRange     '1.10.12',
402 silly addNameRange     '1.10.13',
402 silly addNameRange     '1.10.14',
402 silly addNameRange     '1.10.15',
402 silly addNameRange     '1.10.16',
402 silly addNameRange     '1.10.17',
402 silly addNameRange     '1.11.0',
402 silly addNameRange     '1.11.1',
402 silly addNameRange     '1.12.0',
402 silly addNameRange     '1.12.1',
402 silly addNameRange     '1.12.2',
402 silly addNameRange     '1.12.3',
402 silly addNameRange     '1.13.0',
402 silly addNameRange     '1.13.1',
402 silly addNameRange     '1.13.2',
402 silly addNameRange     '1.13.3',
402 silly addNameRange     '1.13.4',
402 silly addNameRange     '1.13.5',
402 silly addNameRange     '1.13.6',
402 silly addNameRange     '1.13.8',
402 silly addNameRange     '1.13.9',
402 silly addNameRange     '1.13.10',
402 silly addNameRange     '1.14.0',
402 silly addNameRange     '1.14.1',
402 silly addNameRange     '1.14.2',
402 silly addNameRange     '1.14.3',
402 silly addNameRange     '1.14.4',
402 silly addNameRange     '1.14.5',
402 silly addNameRange     '1.15.0',
402 silly addNameRange     '1.15.1',
402 silly addNameRange     '1.15.2',
402 silly addNameRange     '1.15.3',
402 silly addNameRange     '1.15.4',
402 silly addNameRange     '1.15.5',
402 silly addNameRange     '1.15.6',
402 silly addNameRange     '1.16.0',
402 silly addNameRange     '1.16.1',
402 silly addNameRange     '1.16.2',
402 silly addNameRange     '1.16.3',
402 silly addNameRange     '1.16.4',
402 silly addNameRange     '1.16.5',
402 silly addNameRange     '1.16.6',
402 silly addNameRange     '1.16.7',
402 silly addNameRange     '1.16.8',
402 silly addNameRange     '1.17.0',
402 silly addNameRange     '1.17.1',
402 silly addNameRange     '1.17.2',
402 silly addNameRange     '1.17.3',
402 silly addNameRange     '1.18.0',
402 silly addNameRange     '2.0.0',
402 silly addNameRange     '2.0.1',
402 silly addNameRange     '2.1.0',
402 silly addNameRange     '2.2.0',
402 silly addNameRange     '2.2.1',
402 silly addNameRange     '2.2.2',
402 silly addNameRange     '2.2.3',
402 silly addNameRange     '2.2.4',
402 silly addNameRange     '2.2.5',
402 silly addNameRange     '2.2.6',
402 silly addNameRange     '2.3.0',
402 silly addNameRange     '2.3.1',
402 silly addNameRange     '2.4.0',
402 silly addNameRange     '2.4.1',
402 silly addNameRange     '2.4.2',
402 silly addNameRange     '2.4.3',
402 silly addNameRange     '2.5.0',
402 silly addNameRange     '2.5.1',
402 silly addNameRange     '2.6.0',
402 silly addNameRange     '2.6.1',
402 silly addNameRange     '2.7.0',
402 silly addNameRange     '2.7.1',
402 silly addNameRange     '2.7.2',
402 silly addNameRange     '2.7.3',
402 silly addNameRange     '2.7.4',
402 silly addNameRange     '2.8.0',
402 silly addNameRange     '2.8.1',
402 silly addNameRange     '2.9.0',
402 silly addNameRange     '2.10.0',
402 silly addNameRange     '2.10.1',
402 silly addNameRange     '2.10.2',
402 silly addNameRange     '2.11.0',
402 silly addNameRange     '2.12.0',
402 silly addNameRange     '2.12.1',
402 silly addNameRange     '2.12.2',
402 silly addNameRange     '2.12.3',
402 silly addNameRange     '2.12.4',
402 silly addNameRange     '2.12.5',
402 silly addNameRange     '2.13.0',
402 silly addNameRange     '2.13.1',
402 silly addNameRange     '2.13.2',
402 silly addNameRange     '2.13.3',
402 silly addNameRange     '2.14.0',
402 silly addNameRange     '2.14.1',
402 silly addNameRange     '2.14.2',
402 silly addNameRange     '2.15.0',
402 silly addNameRange     '2.16.0',
402 silly addNameRange     '2.17.0',
402 silly addNameRange     '2.17.1',
402 silly addNameRange     '2.17.2',
402 silly addNameRange     '2.17.3',
402 silly addNameRange     '2.17.4',
402 silly addNameRange     '2.18.0',
402 silly addNameRange     '2.18.1',
402 silly addNameRange     '2.19.0',
402 silly addNameRange     '2.20.0',
402 silly addNameRange     '2.20.1',
402 silly addNameRange     '2.20.2',
402 silly addNameRange     '2.21.0',
402 silly addNameRange     '2.22.0',
402 silly addNameRange     '2.23.0',
402 silly addNameRange     '2.23.1',
402 silly addNameRange     '2.24.0',
402 silly addNameRange     '2.24.1',
402 silly addNameRange     '2.24.2',
402 silly addNameRange     '2.24.3',
402 silly addNameRange     '2.25.0',
402 silly addNameRange     '2.25.1',
402 silly addNameRange     '2.26.0',
402 silly addNameRange     '2.27.0',
402 silly addNameRange     '2.27.1',
402 silly addNameRange     '2.28.0',
402 silly addNameRange     '2.29.0',
402 silly addNameRange     '2.29.1',
402 silly addNameRange     '2.30.0',
402 silly addNameRange     '2.31.0',
402 silly addNameRange     '2.32.0',
402 silly addNameRange     '2.32.1',
402 silly addNameRange     '2.32.2',
402 silly addNameRange     '2.32.3',
402 silly addNameRange     '2.32.4',
402 silly addNameRange     '2.33.0',
402 silly addNameRange     '2.33.1',
402 silly addNameRange     '2.34.0',
402 silly addNameRange     '2.34.1',
402 silly addNameRange     '2.34.2',
402 silly addNameRange     '2.34.3',
402 silly addNameRange     '2.35.0',
402 silly addNameRange     '2.35.1',
402 silly addNameRange     '2.35.2',
402 silly addNameRange     '2.35.3',
402 silly addNameRange     '2.35.4',
402 silly addNameRange     '2.36.0',
402 silly addNameRange     '2.36.1',
402 silly addNameRange     '3.0.0',
402 silly addNameRange     '3.1.0',
402 silly addNameRange     '3.1.1',
402 silly addNameRange     '3.1.2',
402 silly addNameRange     '3.1.3',
402 silly addNameRange     '3.2.0',
402 silly addNameRange     '3.2.1',
402 silly addNameRange     '3.2.2',
402 silly addNameRange     '3.3.0',
402 silly addNameRange     '3.4.0',
402 silly addNameRange     '3.4.1',
402 silly addNameRange     '3.5.0',
402 silly addNameRange     '3.6.0',
402 silly addNameRange     '3.7.0',
402 silly addNameRange     '3.8.0',
402 silly addNameRange     '3.8.1',
402 silly addNameRange     '3.9.0',
402 silly addNameRange     '3.9.1',
402 silly addNameRange     '3.10.0',
402 silly addNameRange     '3.11.0',
402 silly addNameRange     '3.11.1',
402 silly addNameRange     '3.12.0',
402 silly addNameRange     '3.13.0',
402 silly addNameRange     '3.14.0',
402 silly addNameRange     '3.14.1',
402 silly addNameRange     '3.16.0',
402 silly addNameRange     '3.16.1',
402 silly addNameRange     '3.17.0',
402 silly addNameRange     '3.18.0',
402 silly addNameRange     '3.19.0',
402 silly addNameRange     '3.19.1',
402 silly addNameRange     '3.20.0',
402 silly addNameRange     '3.20.1',
402 silly addNameRange     '3.20.2',
402 silly addNameRange     '3.21.0',
402 silly addNameRange     '3.21.1',
402 silly addNameRange     '3.22.0',
402 silly addNameRange     '3.22.1',
402 silly addNameRange     '3.23.0',
402 silly addNameRange     '3.23.1',
402 silly addNameRange     '3.24.0',
402 silly addNameRange     '3.24.1',
402 silly addNameRange     '3.24.2',
402 silly addNameRange     '3.24.3',
402 silly addNameRange     '3.24.4',
402 silly addNameRange     '3.24.5',
402 silly addNameRange     '3.24.6',
402 silly addNameRange     '3.24.7',
402 silly addNameRange     '3.24.8',
402 silly addNameRange     '3.24.9',
402 silly addNameRange     '3.24.10',
402 silly addNameRange     '3.24.11',
402 silly addNameRange     '3.24.13',
402 silly addNameRange     '3.25.0',
402 silly addNameRange     '3.25.1',
402 silly addNameRange     '3.25.2',
402 silly addNameRange     '3.26.0',
402 silly addNameRange     '3.27.0',
402 silly addNameRange     '3.27.1',
402 silly addNameRange     '3.28.0',
402 silly addNameRange     '3.28.1',
402 silly addNameRange     '3.28.2',
402 silly addNameRange     '3.29.0',
402 silly addNameRange     '3.29.1',
402 silly addNameRange     '3.30.0',
402 silly addNameRange     '3.30.1',
402 silly addNameRange     '3.30.2',
402 silly addNameRange     '3.30.3',
402 silly addNameRange     '3.30.4',
402 silly addNameRange     '3.31.0',
402 silly addNameRange     '3.31.1',
402 silly addNameRange     '3.31.2',
402 silly addNameRange     '3.32.0',
402 silly addNameRange     '3.32.1',
402 silly addNameRange     '3.33.0',
402 silly addNameRange     '3.33.1',
402 silly addNameRange     '3.34.0',
402 silly addNameRange     '3.35.0',
402 silly addNameRange     '3.36.0',
402 silly addNameRange     '3.36.1',
402 silly addNameRange     '3.37.0',
402 silly addNameRange     '3.37.1',
402 silly addNameRange     '3.37.2',
402 silly addNameRange     '3.38.0',
402 silly addNameRange     '3.38.1',
402 silly addNameRange     '3.39.0',
402 silly addNameRange     '3.40.0',
402 silly addNameRange     '3.40.1',
402 silly addNameRange     '3.40.2',
402 silly addNameRange     '3.40.3',
402 silly addNameRange     '3.40.4',
402 silly addNameRange     '3.41.0',
402 silly addNameRange     '3.42.0',
402 silly addNameRange     '3.43.0',
402 silly addNameRange     '3.44.0',
402 silly addNameRange     '3.44.1',
402 silly addNameRange     '3.44.2',
402 silly addNameRange     '3.45.0',
402 silly addNameRange     '3.46.0',
402 silly addNameRange     '3.46.1',
402 silly addNameRange     '4.0.0',
402 silly addNameRange     '4.1.0',
402 silly addNameRange     '4.1.1',
402 silly addNameRange     '4.1.2',
402 silly addNameRange     '4.1.3',
402 silly addNameRange     '4.1.4',
402 silly addNameRange     '4.1.5',
402 silly addNameRange     '4.1.6',
402 silly addNameRange     '4.1.7',
402 silly addNameRange     '4.1.8',
402 silly addNameRange     '4.1.9',
402 silly addNameRange     '4.1.10',
402 silly addNameRange     '4.1.11',
402 silly addNameRange     '4.2.0',
402 silly addNameRange     '4.2.1',
402 silly addNameRange     '4.2.2',
402 silly addNameRange     '4.2.3',
402 silly addNameRange     '5.0.0',
402 silly addNameRange     '5.0.1',
402 silly addNameRange     '5.0.2',
402 silly addNameRange     '5.0.3',
402 silly addNameRange     '5.0.4',
402 silly addNameRange     '5.0.5',
402 silly addNameRange     '5.0.6',
402 silly addNameRange     '5.0.7',
402 silly addNameRange     '5.0.8',
402 silly addNameRange     '5.1.0',
402 silly addNameRange     '5.1.1',
402 silly addNameRange     '5.2.0',
402 silly addNameRange     '5.2.1',
402 silly addNameRange     '5.3.0',
402 silly addNameRange     '5.4.0',
402 silly addNameRange     '5.4.1',
402 silly addNameRange     '5.4.2',
402 silly addNameRange     '5.5.0',
402 silly addNameRange     '5.6.0',
402 silly addNameRange     '5.6.1',
402 silly addNameRange     '5.7.0',
402 silly addNameRange     '5.8.0',
402 silly addNameRange     '5.9.0',
402 silly addNameRange     '5.9.1',
402 silly addNameRange     '5.9.2',
402 silly addNameRange     '5.9.3',
402 silly addNameRange     '5.10.0',
402 silly addNameRange     '5.10.1',
402 silly addNameRange     '5.11.0',
402 silly addNameRange     '5.11.1',
402 silly addNameRange     '5.11.2',
402 silly addNameRange     '5.12.0',
402 silly addNameRange     '5.12.1',
402 silly addNameRange     '5.12.2',
402 silly addNameRange     '5.13.0',
402 silly addNameRange     '5.13.1',
402 silly addNameRange     '6.0.0',
402 silly addNameRange     '6.0.1',
402 silly addNameRange     '6.0.2',
402 silly addNameRange     '6.0.3',
402 silly addNameRange     '6.1.0',
402 silly addNameRange     '6.1.1',
402 silly addNameRange     '6.1.2',
402 silly addNameRange     '6.2.0',
402 silly addNameRange     '6.3.0',
402 silly addNameRange     '6.3.1',
402 silly addNameRange     '6.3.2',
402 silly addNameRange     '6.3.3',
402 silly addNameRange     '6.3.4',
402 silly addNameRange     '7.0.0',
402 silly addNameRange     '7.0.1',
402 silly addNameRange     '7.0.2',
402 silly addNameRange     '7.0.3',
402 silly addNameRange     '7.1.0',
402 silly addNameRange     '8.0.0',
402 silly addNameRange     '8.0.1',
402 silly addNameRange     '8.0.2',
402 silly addNameRange     '8.0.3',
402 silly addNameRange     '8.1.0',
402 silly addNameRange     '8.1.1',
402 silly addNameRange     '8.1.2',
402 silly addNameRange     '8.1.3',
402 silly addNameRange     '9.0.0',
402 silly addNameRange     '9.0.1',
402 silly addNameRange     '9.0.2',
402 silly addNameRange     '9.0.3' ] ]
403 verbose addNamed [ 'browserify', '9.0.3' ]
404 verbose addNamed [ '9.0.3', '9.0.3' ]
405 silly lockFile e0846108-browserify-9-0-3 browserify@9.0.3
406 verbose lock browserify@9.0.3 /home/sdt/.npm/e0846108-browserify-9-0-3.lock
407 silly lockFile f9a7f2bd--browserify-browserify-9-0-3-tgz https://registry.npmjs.org/browserify/-/browserify-9.0.3.tgz
408 verbose lock https://registry.npmjs.org/browserify/-/browserify-9.0.3.tgz /home/sdt/.npm/f9a7f2bd--browserify-browserify-9-0-3-tgz.lock
409 verbose addRemoteTarball [ 'https://registry.npmjs.org/browserify/-/browserify-9.0.3.tgz',
409 verbose addRemoteTarball   'f2f742b82ec5631c64b8c98a9788db0017c6517c' ]
410 info retry fetch attempt 1 at 13:51:32
411 verbose fetch to= /tmp/npm-7495-l-0OMChL/registry.npmjs.org/browserify/-/browserify-9.0.3.tgz
412 http GET https://registry.npmjs.org/browserify/-/browserify-9.0.3.tgz
413 http 200 https://registry.npmjs.org/browserify/-/browserify-9.0.3.tgz
414 http 200 https://registry.npmjs.org/express
415 silly registry.get cb [ 200,
415 silly registry.get   { date: 'Sat, 28 Feb 2015 21:51:30 GMT',
415 silly registry.get     server: 'CouchDB/1.5.0 (Erlang OTP/R16B03)',
415 silly registry.get     etag: '"17MC6IPP5OVHSRB9M63T1H7KI"',
415 silly registry.get     'content-type': 'application/json',
415 silly registry.get     'cache-control': 'max-age=60',
415 silly registry.get     'content-length': '476392',
415 silly registry.get     'accept-ranges': 'bytes',
415 silly registry.get     via: '1.1 varnish',
415 silly registry.get     age: '6',
415 silly registry.get     'x-served-by': 'cache-sjc3120-SJC',
415 silly registry.get     'x-cache': 'HIT',
415 silly registry.get     'x-cache-hits': '1',
415 silly registry.get     'x-timer': 'S1425160290.878573,VS0,VE2',
415 silly registry.get     vary: 'Accept',
415 silly registry.get     'keep-alive': 'timeout=10, max=47',
415 silly registry.get     connection: 'Keep-Alive' } ]
416 silly addNameRange number 2 { name: 'express', range: '>=4.11.2-0 <5.0.0-0', hasData: true }
417 silly addNameRange versions [ 'express',
417 silly addNameRange   [ '0.14.0',
417 silly addNameRange     '0.14.1',
417 silly addNameRange     '1.0.0',
417 silly addNameRange     '1.0.1',
417 silly addNameRange     '1.0.2',
417 silly addNameRange     '1.0.3',
417 silly addNameRange     '1.0.4',
417 silly addNameRange     '1.0.5',
417 silly addNameRange     '1.0.6',
417 silly addNameRange     '1.0.7',
417 silly addNameRange     '1.0.8',
417 silly addNameRange     '2.0.0',
417 silly addNameRange     '2.1.0',
417 silly addNameRange     '2.1.1',
417 silly addNameRange     '2.2.0',
417 silly addNameRange     '2.2.1',
417 silly addNameRange     '2.2.2',
417 silly addNameRange     '2.3.0',
417 silly addNameRange     '2.3.1',
417 silly addNameRange     '2.3.2',
417 silly addNameRange     '2.3.3',
417 silly addNameRange     '2.3.4',
417 silly addNameRange     '2.3.5',
417 silly addNameRange     '2.3.6',
417 silly addNameRange     '2.3.7',
417 silly addNameRange     '2.3.8',
417 silly addNameRange     '2.3.9',
417 silly addNameRange     '2.3.10',
417 silly addNameRange     '2.3.11',
417 silly addNameRange     '2.3.12',
417 silly addNameRange     '2.4.0',
417 silly addNameRange     '2.4.1',
417 silly addNameRange     '2.4.2',
417 silly addNameRange     '2.4.3',
417 silly addNameRange     '2.4.4',
417 silly addNameRange     '2.4.5',
417 silly addNameRange     '2.4.6',
417 silly addNameRange     '2.4.7',
417 silly addNameRange     '2.5.0',
417 silly addNameRange     '2.5.1',
417 silly addNameRange     '2.5.2',
417 silly addNameRange     '2.5.3',
417 silly addNameRange     '2.5.4',
417 silly addNameRange     '2.5.5',
417 silly addNameRange     '2.5.6',
417 silly addNameRange     '2.5.7',
417 silly addNameRange     '2.5.8',
417 silly addNameRange     '2.5.9',
417 silly addNameRange     '2.5.10',
417 silly addNameRange     '2.5.11',
417 silly addNameRange     '3.0.0',
417 silly addNameRange     '3.0.1',
417 silly addNameRange     '3.0.2',
417 silly addNameRange     '3.0.3',
417 silly addNameRange     '3.0.4',
417 silly addNameRange     '3.0.5',
417 silly addNameRange     '3.0.6',
417 silly addNameRange     '3.1.0',
417 silly addNameRange     '3.1.1',
417 silly addNameRange     '3.1.2',
417 silly addNameRange     '3.2.0',
417 silly addNameRange     '3.2.1',
417 silly addNameRange     '3.2.2',
417 silly addNameRange     '3.2.3',
417 silly addNameRange     '3.2.4',
417 silly addNameRange     '3.2.5',
417 silly addNameRange     '3.2.6',
417 silly addNameRange     '3.3.0',
417 silly addNameRange     '3.3.1',
417 silly addNameRange     '3.3.2',
417 silly addNameRange     '3.3.3',
417 silly addNameRange     '3.3.4',
417 silly addNameRange     '3.3.5',
417 silly addNameRange     '3.3.6',
417 silly addNameRange     '1.0.0-beta',
417 silly addNameRange     '1.0.0-beta2',
417 silly addNameRange     '1.0.0-rc',
417 silly addNameRange     '1.0.0-rc2',
417 silly addNameRange     '1.0.0-rc3',
417 silly addNameRange     '1.0.0-rc4',
417 silly addNameRange     '2.0.0-beta',
417 silly addNameRange     '2.0.0-beta2',
417 silly addNameRange     '2.0.0-beta3',
417 silly addNameRange     '2.0.0-rc',
417 silly addNameRange     '2.0.0-rc2',
417 silly addNameRange     '2.0.0-rc3',
417 silly addNameRange     '3.0.0-alpha1',
417 silly addNameRange     '3.0.0-alpha2',
417 silly addNameRange     '3.0.0-alpha3',
417 silly addNameRange     '3.0.0-alpha4',
417 silly addNameRange     '3.0.0-alpha5',
417 silly addNameRange     '3.0.0-beta1',
417 silly addNameRange     '3.0.0-beta2',
417 silly addNameRange     '3.0.0-beta3',
417 silly addNameRange     '3.0.0-beta4',
417 silly addNameRange     '3.0.0-beta6',
417 silly addNameRange     '3.0.0-beta7',
417 silly addNameRange     '3.0.0-rc1',
417 silly addNameRange     '3.0.0-rc2',
417 silly addNameRange     '3.0.0-rc3',
417 silly addNameRange     '3.0.0-rc4',
417 silly addNameRange     '3.0.0-rc5',
417 silly addNameRange     '3.3.7',
417 silly addNameRange     '3.3.8',
417 silly addNameRange     '3.4.0',
417 silly addNameRange     '3.4.1',
417 silly addNameRange     '3.4.2',
417 silly addNameRange     '3.4.3',
417 silly addNameRange     '3.4.4',
417 silly addNameRange     '3.4.5',
417 silly addNameRange     '3.4.6',
417 silly addNameRange     '3.4.7',
417 silly addNameRange     '3.4.8',
417 silly addNameRange     '4.0.0-rc1',
417 silly addNameRange     '4.0.0-rc2',
417 silly addNameRange     '3.5.0',
417 silly addNameRange     '4.0.0-rc3',
417 silly addNameRange     '4.0.0-rc4',
417 silly addNameRange     '3.5.1',
417 silly addNameRange     '4.0.0',
417 silly addNameRange     '3.5.2',
417 silly addNameRange     '4.1.0',
417 silly addNameRange     '4.1.1',
417 silly addNameRange     '3.5.3',
417 silly addNameRange     '4.1.2',
417 silly addNameRange     '3.6.0',
417 silly addNameRange     '4.2.0',
417 silly addNameRange     '3.7.0',
417 silly addNameRange     '3.8.0',
417 silly addNameRange     '4.3.0',
417 silly addNameRange     '4.3.1',
417 silly addNameRange     '3.8.1',
417 silly addNameRange     '4.3.2',
417 silly addNameRange     '3.9.0',
417 silly addNameRange     '4.4.0',
417 silly addNameRange     '4.4.1',
417 silly addNameRange     '3.10.0',
417 silly addNameRange     '3.10.1',
417 silly addNameRange     '3.10.2',
417 silly addNameRange     '3.10.3',
417 silly addNameRange     '3.10.4',
417 silly addNameRange     '4.4.2',
417 silly addNameRange     '3.10.5',
417 silly addNameRange     '4.4.3',
417 silly addNameRange     '3.11.0',
417 silly addNameRange     '4.4.4',
417 silly addNameRange     '3.12.0',
417 silly addNameRange     '3.12.1',
417 silly addNameRange     '4.4.5',
417 silly addNameRange     '3.13.0',
417 silly addNameRange     '4.5.0',
417 silly addNameRange     '4.5.1',
417 silly addNameRange     '3.14.0',
417 silly addNameRange     '4.6.0',
417 silly addNameRange     '4.6.1',
417 silly addNameRange     '3.15.0',
417 silly addNameRange     '4.7.0',
417 silly addNameRange     '3.15.1',
417 silly addNameRange     '4.7.1',
417 silly addNameRange     '3.15.2',
417 silly addNameRange     '4.7.2',
417 silly addNameRange     '4.7.3',
417 silly addNameRange     '3.15.3',
417 silly addNameRange     '4.7.4',
417 silly addNameRange     '3.16.0',
417 silly addNameRange     '4.8.0',
417 silly addNameRange     '3.16.1',
417 silly addNameRange     '4.8.1',
417 silly addNameRange     '3.16.2',
417 silly addNameRange     '4.8.2',
417 silly addNameRange     '3.16.3',
417 silly addNameRange     '3.16.4',
417 silly addNameRange     '4.8.3',
417 silly addNameRange     '3.16.5',
417 silly addNameRange     '3.16.6',
417 silly addNameRange     '4.8.4',
417 silly addNameRange     '3.16.7',
417 silly addNameRange     '4.8.5',
417 silly addNameRange     '3.16.8',
417 silly addNameRange     '4.8.6',
417 silly addNameRange     '3.16.9',
417 silly addNameRange     '4.8.7',
417 silly addNameRange     '3.16.10',
417 silly addNameRange     '4.8.8',
417 silly addNameRange     '3.17.0',
417 silly addNameRange     '3.17.1',
417 silly addNameRange     '4.9.0',
417 silly addNameRange     '3.17.2',
417 silly addNameRange     '4.9.1',
417 silly addNameRange     '4.9.2',
417 silly addNameRange     '3.17.3',
417 silly addNameRange     '4.9.3',
417 silly addNameRange     '3.17.4',
417 silly addNameRange     '4.9.4',
417 silly addNameRange     '3.17.5',
417 silly addNameRange     '4.9.5',
417 silly addNameRange     '3.17.6',
417 silly addNameRange     '3.17.7',
417 silly addNameRange     '4.9.6',
417 silly addNameRange     '4.9.7',
417 silly addNameRange     '3.17.8',
417 silly addNameRange     '4.9.8',
417 silly addNameRange     '3.18.0',
417 silly addNameRange     '3.18.1',
417 silly addNameRange     '4.10.0',
417 silly addNameRange     '3.18.2',
417 silly addNameRange     '4.10.1',
417 silly addNameRange     '5.0.0-alpha.1',
417 silly addNameRange     '3.18.3',
417 silly addNameRange     '4.10.2',
417 silly addNameRange     '3.18.4',
417 silly addNameRange     '4.10.3',
417 silly addNameRange     '4.10.4',
417 silly addNameRange     '4.10.5',
417 silly addNameRange     '3.18.5',
417 silly addNameRange     '3.18.6',
417 silly addNameRange     '4.10.6',
417 silly addNameRange     '4.10.7',
417 silly addNameRange     '3.19.0',
417 silly addNameRange     '4.10.8',
417 silly addNameRange     '4.11.0',
417 silly addNameRange     '3.19.1',
417 silly addNameRange     '4.11.1',
417 silly addNameRange     '3.19.2',
417 silly addNameRange     '4.11.2',
417 silly addNameRange     '3.20.0',
417 silly addNameRange     '4.12.0' ] ]
418 verbose addNamed [ 'express', '4.12.0' ]
419 verbose addNamed [ '4.12.0', '4.12.0' ]
420 silly lockFile 334bb224-express-4-12-0 express@4.12.0
421 verbose lock express@4.12.0 /home/sdt/.npm/334bb224-express-4-12-0.lock
422 silly lockFile 334bb224-express-4-12-0 express@4.12.0
423 silly lockFile 334bb224-express-4-12-0 express@4.12.0
424 silly lockFile dbea87e7-express-4-11-2 express@^4.11.2
425 silly lockFile dbea87e7-express-4-11-2 express@^4.11.2
426 silly lockFile f9a7f2bd--browserify-browserify-9-0-3-tgz https://registry.npmjs.org/browserify/-/browserify-9.0.3.tgz
427 silly lockFile f9a7f2bd--browserify-browserify-9-0-3-tgz https://registry.npmjs.org/browserify/-/browserify-9.0.3.tgz
428 silly lockFile e0846108-browserify-9-0-3 browserify@9.0.3
429 silly lockFile e0846108-browserify-9-0-3 browserify@9.0.3
430 silly lockFile a7981170-browserify-9-0-3 browserify@^9.0.3
431 silly lockFile a7981170-browserify-9-0-3 browserify@^9.0.3
432 silly lockFile 55ae8d64-npmjs-org-react-react-0-12-2-tgz https://registry.npmjs.org/react/-/react-0.12.2.tgz
433 silly lockFile 55ae8d64-npmjs-org-react-react-0-12-2-tgz https://registry.npmjs.org/react/-/react-0.12.2.tgz
434 silly lockFile 1f2cec02-react-0-12-2 react@0.12.2
435 silly lockFile 1f2cec02-react-0-12-2 react@0.12.2
436 silly lockFile 0d8336aa-react-0-12-2 react@^0.12.2
437 silly lockFile 0d8336aa-react-0-12-2 react@^0.12.2
438 error Error: EACCES, mkdir '/home/sdt/.npm/twilio/1.11.1'
438 error  { [Error: EACCES, mkdir '/home/sdt/.npm/twilio/1.11.1']
438 error   errno: 3,
438 error   code: 'EACCES',
438 error   path: '/home/sdt/.npm/twilio/1.11.1',
438 error   parent: '4ball' }
439 error Please try running this command again as root/Administrator.
440 error System Linux 3.13.0-45-generic
441 error command "/usr/bin/node" "/usr/bin/npm" "install"
442 error cwd /home/sdt/thesis/server
443 error node -v v0.10.36
444 error npm -v 1.4.28
445 error path /home/sdt/.npm/twilio/1.11.1
446 error code EACCES
447 error errno 3
448 error stack Error: EACCES, mkdir '/home/sdt/.npm/twilio/1.11.1'
449 verbose exit [ 3, true ]
